Archive Project report for DE0_NANO_SOC_practica
Thu May 26 13:42:26 2016
Quartus II 64-Bit Version 15.0.0 Build 145 04/22/2015 SJ Web Edition


---------------------
; Table of Contents ;
---------------------
  1. Legal Notice
  2. Archive Project Summary
  3. Archive Project Messages
  4. Files Archived



----------------
; Legal Notice ;
----------------
Copyright (C) 1991-2015 Altera Corporation. All rights reserved.
Your use of Altera Corporation's design tools, logic functions 
and other software and tools, and its AMPP partner logic 
functions, and any output files from any of the foregoing 
(including device programming or simulation files), and any 
associated documentation or information are expressly subject 
to the terms and conditions of the Altera Program License 
Subscription Agreement, the Altera Quartus II License Agreement,
the Altera MegaCore Function License Agreement, or other 
applicable license agreement, including, without limitation, 
that your use is for the sole purpose of programming logic 
devices manufactured by Altera and sold by Altera or its 
authorized distributors.  Please refer to the applicable 
agreement for further details.



+----------------------------------------------------------------+
; Archive Project Summary                                        ;
+------------------------+---------------------------------------+
; Archive Project Status ; Successful - Thu May 26 13:42:26 2016 ;
; Revision Name          ; DE0_NANO_SOC_practica                 ;
; Top-level Entity Name  ; DE0_NANO_SOC_practica                 ;
; Family                 ; Cyclone V                             ;
+------------------------+---------------------------------------+


+--------------------------+
; Archive Project Messages ;
+--------------------------+
Info: File Set 'Custom' contains:
    Info: Programming output files
    Info: Automatically detected source files
    Info: Project source and settings files
Info: Archive will store files relative to the closest common parent directory
Info (13213): Using common directory D:/Santoto/Practicas/Practica1_de0_NANO_SOC/
Info: ----------------------------------------------------------
Info: ----------------------------------------------------------
Info: Generated archive 'D:/Santoto/Practicas/Practica1_de0_NANO_SOC/DE0_NANO_SOC_practica1.qar'
Info: ----------------------------------------------------------
Info: ----------------------------------------------------------
Info: Generated report 'DE0_NANO_SOC_practica.archive.rpt'
Info (23030): Evaluation of Tcl script c:/altera/15.0/quartus/common/tcl/apps/qpm/qar.tcl was successful
Info: Quartus II 64-Bit Shell was successful. 0 errors, 0 warnings
    Info: Peak virtual memory: 561 megabytes
    Info: Processing ended: Thu May 26 13:42:26 2016
    Info: Elapsed time: 00:00:04
    Info: Total CPU time (on all processors): 00:00:04


+-----------------------------------------------+
; Files Archived                                ;
+-----------------------------------------------+
; File Name                                     ;
+-----------------------------------------------+
; DE0_NANO_SOC_practica.jdi                     ;
; DE0_NANO_SOC_practica.qpf                     ;
; DE0_NANO_SOC_practica.qsf                     ;
; DE0_NANO_SOC_practica.SDC                     ;
; DE0_NANO_SOC_practica.sof                     ;
; de0_nano_soc_practica.v                       ;
; DE0_NANO_SOC_practica_assignment_defaults.qdf ;
; modules/contador.v                            ;
; modules/divisor_frecuencia.v                  ;
+-----------------------------------------------+


