         ps       /simulacion_test_busqueda/vector_me_sig_reg    
          delta                                                  
          0  +0                  0000000000000000000000000000 
  290260000  +1                  0010010111000100100101110011 
  290600000  +1                  0010010111001100100101110100 
  291000000  +1                  0010010111010100100101110111 
  291340000  +1                  0010010111011100100101111000 
  300380000  +1                  0010011100000100100111000011 
  300660000  +1                  0010011100001000100111000100 
  300940000  +1                  0010011100001100100111000101 
  301220000  +1                  0010011100010000100111000110 
  301500000  +1                  0010011100010100100111000111 
  301780000  +1                  0010011100011000100111001000 
  302000000  +1                  0010011100011100100111001000 
  311040000  +1                  0010100001000100101000010011 
  311320000  +1                  0010100001001000101000010100 
  311600000  +1                  0010100001001100101000010101 
  311880000  +1                  0010100001010000101000010110 
  312160000  +1                  0010100001010100101000010111 
  312440000  +1                  0010100001011000101000011000 
  312660000  +1                  0010100001011100101000011000 
  321700000  +1                  0010100110000100101001100011 
  321980000  +1                  0010100110001000101001100100 
  322500000  +1                  0010100110010100101001100111 
  322780000  +1                  0010100110011000101001101000 
  323000000  +1                  0010100110011100101001101000 
