         ps       /simulacion_test_busqueda/vector_me_sig_reg    
          delta                                                  
          0  +0                  0000000000000000000000000000 
  214900000  +1                  0000000110011000110110010110 
  384800000  +1                  0000001011010100101100100110 
  535500000  +1                  0000001011011000101010000011 
  706420000  +1                  0000001011011100101111010101 
  935720000  +1                  0000001100101100111110010000 
 1211640000  +1                  0000001100110001001011000000 
 1375060000  +1                  0000010000011000101100110101 
 1583840000  +1                  0000010000011100111010011100 
 1745160000  +1                  0000010000100000101110000110 
 2018440000  +1                  0000010001101001001011000000 
 2173820000  +1                  0000010001101100101100110110 
 2425140000  +1                  0000010001110001000101110110 
 2636080000  +1                  0000010101011100111010011100 
 2816300000  +1                  0000010101100000110100010001 
 3084720000  +1                  0000010110100101001011000000 
 3235360000  +1                  0000010110101000101100110110 
 3481940000  +1                  0000010110101101000101110110 
 3688260000  +1                  0000011010100000111010011100 
 3950920000  +1                  0000011010100101001011000000 
 4121720000  +1                  0000011011100000110010111000 
 4267620000  +1                  0000011011100100101100110110 
 4436920000  +1                  0000011011101000110010111101 
 4638620000  +1                  0000011111100100111010011100 
 4896420000  +1                  0000011111101001001011000000 
 5039140000  +1                  0000100000100000101100110110 
 5296040000  +1                  0000100000100101001011000000 
 5420520000  +1                  0000100100100100100111100011 
 5546980000  +1                  0000100100101000101010000011 
 5717180000  +1                  0000100100101100110101011101 
 5878620000  +1                  0000100101011100110011000001 
 6130780000  +1                  0000100101100001001011000000 
 6386780000  +1                  0000101001101001001011000000 
 6508380000  +1                  0000101001101100101010000011 
 6751180000  +1                  0000101001110001001001101000 
 6999320000  +1                  0000101001111101001011000000 
 7149780000  +1                  0000101010000000110001101001 
 7300780000  +1                  0000101010000100110001110011 
 7548500000  +1                  0000101010001001001011000000 
 7671000000  +1                  0000101010011000101010010111 
 7850680000  +1                  0000101010011100111001010111 
 7985180000  +1                  0000101110101100101100100100 
 8101920000  +1                  0000101110110000101010000011 
 8296240000  +1                  0000101110110100111110010001 
 8539400000  +1                  0000101110111001001011000000 
 8713620000  +1                  0000101110111100111001000100 
 8859460000  +1                  0000101111000000110001101100 
 9102440000  +1                  0000101111000101001011000000 
 9345360000  +1                  0000101111001001001011000000 
 9458260000  +1                  0000101111010100101001001000 
 9575660000  +1                  0000101111011000101010011000 
 9743220000  +1                  0000110011110000110110011000 
 9855100000  +1                  0000110011110100101010000011 
 1001414000  +1                  0000110011111000110110010110 
 1015524000  +1                  0000110011111100110001101100 
 1029628000  +1                  0000110100000000110001101100 
 1047134000  +1                  0000110100000100111010100100 
 1070946000  +1                  0000110100001001001011000000 
 1088284000  +1                  0000110100010000111010001001 
 1100498000  +1                  0000110100010100101100110110 
 1111284000  +1                  0000110100011000101001001001 
 1123204000  +1                  0000110111101100101011010011 
 1136948000  +1                  0000110111110000110001101100 
 1149780000  +1                  0000110111110100101111010101 
 1160314000  +1                  0000111000110100101001001000 
 1183670000  +1                  0000111000111001001011000000 
 1197300000  +1                  0000111000111100110001101100 
 1214164000  +1                  0000111001000000111010001000 
 1231610000  +1                  0000111001000100111011101010 
 1254942000  +1                  0000111001001001001011000000 
 1270360000  +1                  0000111001001100110110011010 
 1282100000  +1                  0000111001010000101100110110 
 1305414000  +1                  0000111001010101001011000000 
 1321666000  +1                  0000111100101100110111110011 
 1331996000  +1                  0000111100110000101010000011 
 1347552000  +1                  0000111100110100110111101011 
 1363822000  +1                  0000111101101000111001010111 
 1386716000  +1                  0000111101101101001011000000 
 1402254000  +1                  0000111101110000110111110111 
 1417354000  +1                  0000111101110100110110101111 
 1435292000  +1                  0000111101111000111110001001 
 1450242000  +1                  0000111101111100110110011000 
 1466164000  +1                  0000111110000000111000111011 
 1477448000  +1                  0000111110000100101100110111 
 1500300000  +1                  0000111110001001001011000000 
 1514836000  +1                  0000111110001100110101010111 
 1537676000  +1                  0000111110010001001011000000 
 1547214000  +1                  0001000001101000100111100011 
 1561426000  +1                  0001000001101100110101011001 
 1576010000  +1                  0001000001110000110110011000 
 1585848000  +1                  0001000001110100101010000010 
 1603450000  +1                  0001000001111000111110010001 
 1621046000  +1                  0001000001111100111110010001 
 1642440000  +1                  0001000010101001001000000001 
 1653742000  +1                  0001000010101100101110000100 
 1664462000  +1                  0001000010110000101100100100 
 1679922000  +1                  0001000010110100111000111011 
 1695388000  +1                  0001000010111000111000111101 
 1710392000  +1                  0001000010111100110111110001 
 1723998000  +1                  0001000011000000110100001001 
 1738096000  +1                  0001000011000100110101011100 
 1752680000  +1                  0001000011001000110110101110 
 1767630000  +1                  0001000011001100110111101100 
 1782640000  +1                  0001000011010000110111110111 
 1798514000  +1                  0001000011010100111010001000 
 1814382000  +1                  0001000011011000111010001000 
 1828438000  +1                  0001000011011100110101011011 
 1843844000  +1                  0001000011100000111000111101 
 1854600000  +1                  0001000011100100101100110111 
 1869802000  +1                  0001000110101100110111101100 
 1882106000  +1                  0001000110110000110001101100 
 1895844000  +1                  0001000110110100110101011100 
 1909546000  +1                  0001000110111000110101010111 
 1925240000  +1                  0001000110111100111010100100 
 1941342000  +1                  0001000111000000111011101001 
 1954588000  +1                  0001000111000100110100001110 
 1967330000  +1                  0001000111001000110010111011 
 1980912000  +1                  0001000111001100110101001000 
 1995514000  +1                  0001000111010000110111110011 
 2008604000  +1                  0001000111010100110011111000 
 2023128000  +1                  0001000111011000110111101000 
 2037646000  +1                  0001000111011100110111101000 
 2053118000  +1                  0001000111100000111010001000 
 2068584000  +1                  0001000111100100111010001000 
 2080804000  +1                  0001000111101000110001101100 
 2093018000  +1                  0001000111101100110001101100 
 2107164000  +1                  0001000111110000110110101111 
 2119366000  +1                  0001000111110100110001101100 
 2131562000  +1                  0001000111111000110001101100 
 2146698000  +1                  0001000111111100111001010111 
 2160778000  +1                  0001001000000000110110101000 
 2174366000  +1                  0001001000000100110101010111 
 2188980000  +1                  0001001000001000111000000011 
 2203084000  +1                  0001001000001100110110101111 
 2218076000  +1                  0001001000010000111001000100 
 2230236000  +1                  0001001000010100110001101101 
 2244286000  +1                  0001001000011000110110101001 
 2258372000  +1                  0001001000011100110110110000 
 2280228000  +1                  0001001000100001001011000000 
 2293330000  +1                  0001001000100100110100001110 
 2308694000  +1                  0001001000101000111010001000 
 2330532000  +1                  0001001000101101001011000000 
 2350168000  +1                  0001001011101101000100100011 
 2371712000  +1                  0001001011110001001011000000 
 2384964000  +1                  0001001011110100110101011011 
 2396776000  +1                  0001001011111000110001101100 
 2418302000  +1                  0001001011111101001011000000 
 2426814000  +1                  0001001100000000101001001000 
 2440546000  +1                  0001001100000100110110101111 
 2452334000  +1                  0001001100001000110001101100 
 2466552000  +1                  0001001100001100111000000010 
 2481118000  +1                  0001001100010000111000111101 
 2496128000  +1                  0001001100010100111010001000 
 2511132000  +1                  0001001100011000111010001000 
 2522890000  +1                  0001001100011100110001101100 
 2535596000  +1                  0001001100100000110100001011 
 2547342000  +1                  0001001100100100110001101100 
 2559082000  +1                  0001001100101000110001101100 
 2570816000  +1                  0001001100101100110001101100 
 2584482000  +1                  0001001100110000110110101111 
 2597524000  +1                  0001001100110100110101001000 
 2611676000  +1                  0001001100111000111000000010 
 2625678000  +1                  0001001100111100110111101010 
 2640742000  +1                  0001001101000000111010011100 
 2654780000  +1                  0001001101000100110111110010 
 2666472000  +1                  0001001101001000110001101100 
 2687878000  +1                  0001001101001101001011000000 
 2702480000  +1                  0001001101010000111001010011 
 2717508000  +1                  0001001101010100111010011011 
 2732098000  +1                  0001001101011000111001010011 
 2745200000  +1                  0001001101011100110101011100 
 2766576000  +1                  0001001101100001001011000000 
 2779198000  +1                  0001001101100100110100001110 
 2791682000  +1                  0001001101101000110011111000 
 2813040000  +1                  0001001101101101001011000000 
 2826376000  +1                  0001010000101100110101011001 
 2840960000  +1                  0001010000110000111010001000 
 2862018000  +1                  0001010000110101001011000000 
 2883136000  +1                  0001010001100101001011000000 
 2897228000  +1                  0001010001101000111001000100 
 2910852000  +1                  0001010001101100110111110111 
 2922100000  +1                  0001010001110000110001101100 
 2941916000  +1                  0001010001110101001000000001 
 2954964000  +1                  0001010001111000110110011010 
 2969554000  +1                  0001010001111100111010011100 
 2987930000  +1                  0001010010000001000100010100 
 2997288000  +1                  0001010010000100101100110110 
 3010432000  +1                  0001010010001000110110101110 
 3031358000  +1                  0001010010001101001011000000 
 3042558000  +1                  0001010010010000110001101100 
 3060904000  +1                  0001010010010101000100010100 
 3074990000  +1                  0001010010011000111001001111 
 3095892000  +1                  0001010010011101001011000000 
 3109348000  +1                  0001010010100000110111101000 
 3130238000  +1                  0001010010100101001011000000 
 3143118000  +1                  0001010101101100110101011001 
 3154936000  +1                  0001010101110000110100001011 
 3168092000  +1                  0001010101110100110111101011 
 3182886000  +1                  0001010110101000111011110001 
 3203380000  +1                  0001010110101101001011000000 
 3214148000  +1                  0001010110110000110001101100 
 3224910000  +1                  0001010110110100110001101100 
 3237076000  +1                  0001010110111000110101010111 
 3249266000  +1                  0001010110111100110101011100 
 3262788000  +1                  0001010111000000111000111011 
 3283246000  +1                  0001010111000101001011000000 
 3291164000  +1                  0001010111001000101010010111 
 3304758000  +1                  0001010111001100111001001010 
 3317452000  +1                  0001010111010000110110110101 
 3337886000  +1                  0001010111010101001011000000 
 3352890000  +1                  0001010111011000111100111000 
 3372784000  +1                  0001010111011101001001101000 
 3393506000  +1                  0001011010101101001011000000 
 3403890000  +1                  0001011010110000110001101100 
 3416092000  +1                  0001011010110100110110011100 
 3424580000  +1                  0001011011101000101100100110 
 3435330000  +1                  0001011011101100110010111000 
 3449488000  +1                  0001011011110000111011110001 
 3457910000  +1                  0001011011110100101100110110 
 3469140000  +1                  0001011011111000110100001011 
 3482650000  +1                  0001011011111100111010001000 
 3492914000  +1                  0001011100000000110001101100 
 3512892000  +1                  0001011100000101001011000000 
 3527008000  +1                  0001011100001000111011110000 
 3542036000  +1                  0001011100001100111110001001 
 3550422000  +1                  0001011100010000101100110111 
 3563272000  +1                  0001011111101100110111101010 
 3573176000  +1                  0001011111110000110001101100 
 3592794000  +1                  0001011111110101001011000000 
 3600910000  +1                  0001100000110000101100110110 
 3616922000  +1                  0001100000110101000001110111 
 3636438000  +1                  0001100000111001001011000000 
 3648598000  +1                  0001100000111100110111110111 
 3661622000  +1                  0001100001000000111010001000 
 3673740000  +1                  0001100001000100110111110010 
 3683968000  +1                  0001100001001000110010111000 
 3694244000  +1                  0001100001001100110011000001 
 3701670000  +1                  0001100001010000101011100111 
 3712354000  +1                  0001100101101100110011000001 
 3731402000  +1                  0001100101110001001011000000 
 3750450000  +1                  0001100101111001001011000000 
 3759760000  +1                  0001100101111100110001101100 
 3770018000  +1                  0001100110000000110100001011 
 3782694000  +1                  0001100110010000111010011100 
 3801688000  +1                  0001100110010101001011000000 
 3819938000  +1                  0001101010101001001000000001 
 3838512000  +1                  0001101010101101001011000000 
 3850618000  +1                  0001101010111100111010001000 
 3859916000  +1                  0001101011000000110010111011 
 3878454000  +1                  0001101011000101001011000000 
 3896986000  +1                  0001101011001001001011000000 
 3906776000  +1                  0001101011010000110100001111 
 3912636000  +1                  0001101011010100101010000011 
 3918496000  +1                  0001101011011000101010000100 
 3926192000  +1                  0001101111100100101101110101 
 3943278000  +1                  0001101111101001001000010111 
 3949798000  +1                  0001101111101100101100110111 
 3967940000  +1                  0001110000010101001011000000 
 3973314000  +1                  0001110000011000101010000011 
 3991336000  +1                  0001110000011101001011000000 
 4001432000  +1                  0001110100100000110101011000 
 4014162000  +1                  0001110100100100111110010000 
 4018780000  +1                  0001110100101000101001001001 
 4029080000  +1                  0001110101011000110111110010 
 4038312000  +1                  0001110101011100110101010111 
 4050958000  +1                  0001110101100000111110010001 
 4063952000  +1                  0001111001011100111110001110 
 4072794000  +1                  0001111001100000110101010111 
 4088806000  +1                  0001111001100101001000000011 
 4094822000  +1                  0001111010011100101101110101 
 4106940000  +1                  0001111010100000111110001001 
 4110988000  +1                  0001111010100100101001001001 
 4128392000  +1                  0001111110011001001011000000 
 4132536000  +1                  0001111110011100101010010111 
 4149208000  +1                  0001111110100001001011000000 
 4152956000  +1                  0001111111100000101001001000 
 4163658000  +1                  0001111111100100111011101110 
 4169002000  +1                  0010000011011000101100110110 
 4185200000  +1                  0010000011011101001011000000 
 4189914000  +1                  0010000100100100101100110110 
 4196794000  +1                  0010000100101000110011000010 
 4207352000  +1                  0010001000010000111011101111 
 4211502000  +1                  0010001000010100101100110110 
 4227226000  +1                  0010001000011001001011000000 
 4230404000  +1                  0010001001101000101010000011 
 4246002000  +1                  0010001001101101001011000000 
 4255174000  +1                  0010001110101000111001000100 
 4261562000  +1                  0010001110101100110100010001 
 4268406000  +1                  0010010011101100110100001111 
 4270426000  +1                  0010011110001000100111100100 
 4270448000  +1                  0010011110001100100111100100 
 4271412000  +1                  0010100011001000101000110100 
 4271434000  +1                  0010100011001100101000110100 
 4271702000  +1                  0010100100100000101001001010 
 4271724000  +1                  0010100100100100101001001010 
 4272430000  +1                  0010101000001000101010000101 
 4272458000  +1                  0010101000001100101010000101 
 4272480000  +1                  0010101000010000101010000101 
 4272730000  +1                  0010101001011100101010011010 
 4272758000  +1                  0010101001100000101010011010 
 4272780000  +1                  0010101001100100101010011010 
 4273498000  +1                  0010101101001100101011010110 
 4273526000  +1                  0010101101010000101011010110 
 4273548000  +1                  0010101101010100101011010110 
 4273768000  +1                  0010101110011000101011101000 
 4273790000  +1                  0010101110011100101011101000 
 4274544000  +1                  0010110010010000101100100111 
 4274572000  +1                  0010110010010100101100100111 
 4274594000  +1                  0010110010011000101100100111 
 4274796000  +1                  0010110011010100101100111000 
 4274824000  +1                  0010110011011000101100111000 
 4274846000  +1                  0010110011011100101100111000 
 4275612000  +1                  0010110111010100101101111000 
 4275640000  +1                  0010110111011000101101111000 
 4275662000  +1                  0010110111011100101101111000 
 4275840000  +1                  0010111000010000101110000111 
 4275868000  +1                  0010111000010100101110000111 
 4275890000  +1                  0010111000011000101110000111 
 4276674000  +1                  0010111100011000101111001000 
 4276696000  +1                  0010111100011100101111001000 
 4276862000  +1                  0010111101001100101111010110 
 4276890000  +1                  0010111101010000101111010110 
 4276912000  +1                  0010111101010100101111010110 
 4277720000  +1                  0011000001011100110000011001 
 4277742000  +1                  0011000001100000110000011001 
 4277884000  +1                  0011000010001000110000100101 
 4277912000  +1                  0011000010001100110000100101 
 4277934000  +1                  0011000010010000110000100101 
 4278766000  +1                  0011000110100000110001101010 
 4278788000  +1                  0011000110100100110001101010 
 4278846000  +1                  0011000110101100110001110000 
 4278886000  +1                  0011000110110000110001110000 
 4278920000  +1                  0011000110110100110001110000 
 4278948000  +1                  0011000110111000110001110000 
 4278970000  +1                  0011000110111100110001110000 
 4279022000  +1                  0011000111001000110001110100 
 4279044000  +1                  0011000111001100110001110100 
 4279918000  +1                  0011001011100000110010111111 
 4279970000  +1                  0011001011100100110010111111 
 4280016000  +1                  0011001011101000110010111111 
 4280056000  +1                  0011001011101100110010111111 
 4280090000  +1                  0011001011110000110010111111 
 4280118000  +1                  0011001011110100110010111111 
 4280140000  +1                  0011001011111000110010111111 
 4280192000  +1                  0011001100000100110011000011 
 4280214000  +1                  0011001100001000110011000011 
 4280878000  +1                  0011001111100000110011111010 
 4280900000  +1                  0011001111100100110011111010 
 4281150000  +1                  0011010000100100110100010010 
 4281214000  +1                  0011010000101000110100010010 
 4281272000  +1                  0011010000101100110100010010 
 4281324000  +1                  0011010000110000110100010010 
 4281370000  +1                  0011010000110100110100010010 
 4281410000  +1                  0011010000111000110100010010 
 4281444000  +1                  0011010000111100110100010010 
 4281472000  +1                  0011010001000000110100010010 
 4281494000  +1                  0011010001000100110100010010 
 4282170000  +1                  0011010100100000110101001010 
 4282192000  +1                  0011010100100100110101001010 
 4282400000  +1                  0011010101011000110101011110 
 4282458000  +1                  0011010101011100110101011110 
 4282510000  +1                  0011010101100000110101011110 
 4282556000  +1                  0011010101100100110101011110 
 4282596000  +1                  0011010101101000110101011110 
 4282630000  +1                  0011010101101100110101011110 
 4282658000  +1                  0011010101110000110101011110 
 4282680000  +1                  0011010101110100110101011110 
 4282720000  +1                  0011010101111100110101100001 
 4282742000  +1                  0011010110000000110101100001 
 4283436000  +1                  0011011001011000110110011101 
 4283488000  +1                  0011011001011100110110011101 
 4283534000  +1                  0011011001100000110110011101 
 4283574000  +1                  0011011001100100110110011101 
 4283608000  +1                  0011011001101000110110011101 
 4283636000  +1                  0011011001101100110110011101 
 4283658000  +1                  0011011001110000110110011101 
 4283878000  +1                  0011011010011000110110110110 
 4283984000  +1                  0011011010011100110110110110 
 4284084000  +1                  0011011010100000110110110110 
 4284178000  +1                  0011011010100100110110110110 
 4284266000  +1                  0011011010101000110110110110 
 4284348000  +1                  0011011010101100110110110110 
 4284424000  +1                  0011011010110000110110110110 
 4284494000  +1                  0011011010110100110110110110 
 4284558000  +1                  0011011010111000110110110110 
 4284616000  +1                  0011011010111100110110110110 
 4284668000  +1                  0011011011000000110110110110 
 4284714000  +1                  0011011011000100110110110110 
 4284754000  +1                  0011011011001000110110110110 
 4284788000  +1                  0011011011001100110110110110 
 4284816000  +1                  0011011011010000110110110110 
 4284838000  +1                  0011011011010100110110110110 
 4285646000  +1                  0011011110011100111000001001 
 4285860000  +1                  0011011110100000111000001001 
 4286068000  +1                  0011011110100100111000001001 
 4286270000  +1                  0011011110101000111000001001 
 4286466000  +1                  0011011110101100111000001001 
 4286656000  +1                  0011011110110000111000001001 
 4286840000  +1                  0011011110110100111000001001 
 4287018000  +1                  0011011110111000111000001001 
 4287190000  +1                  0011011110111100111000001001 
 4287356000  +1                  0011011111000000111000001001 
 4287516000  +1                  0011011111000100111000001001 
 4287670000  +1                  0011011111001000111000001001 
 4287818000  +1                  0011011111001100111000001001 
 4287960000  +1                  0011011111010000111000001001 
 4288096000  +1                  0011011111010100111000001001 
 4288226000  +1                  0011011111011000111000001001 
 4288350000  +1                  0011011111011100111000001001 
 4288468000  +1                  0011011111100000111000001001 
 4288580000  +1                  0011011111100100111000001001 
 4288686000  +1                  0011011111101000111000001001 
 4288786000  +1                  0011011111101100111000001001 
 4288880000  +1                  0011011111110000111000001001 
 4288968000  +1                  0011011111110100111000001001 
 4289050000  +1                  0011011111111000111000001001 
 4289126000  +1                  0011011111111100111000001001 
 4289196000  +1                  0011100000000000111000001001 
 4289260000  +1                  0011100000000100111000001001 
 4289318000  +1                  0011100000001000111000001001 
 4289370000  +1                  0011100000001100111000001001 
 4289416000  +1                  0011100000010000111000001001 
 4289456000  +1                  0011100000010100111000001001 
 4289490000  +1                  0011100000011000111000001001 
 4289518000  +1                  0011100000011100111000001001 
 4289540000  +1                  0011100000100000111000001001 
 4290312000  +1                  0011100011011100111001011001 
 4290526000  +1                  0011100011100000111001011001 
 4290734000  +1                  0011100011100100111001011001 
 4290936000  +1                  0011100011101000111001011001 
 4291132000  +1                  0011100011101100111001011001 
 4291322000  +1                  0011100011110000111001011001 
 4291506000  +1                  0011100011110100111001011001 
 4291684000  +1                  0011100011111000111001011001 
 4291856000  +1                  0011100011111100111001011001 
 4292022000  +1                  0011100100000000111001011001 
 4292182000  +1                  0011100100000100111001011001 
 4292336000  +1                  0011100100001000111001011001 
 4292484000  +1                  0011100100001100111001011001 
 4292626000  +1                  0011100100010000111001011001 
 4292762000  +1                  0011100100010100111001011001 
 4292892000  +1                  0011100100011000111001011001 
 4293016000  +1                  0011100100011100111001011001 
 4293134000  +1                  0011100100100000111001011001 
 4293246000  +1                  0011100100100100111001011001 
 4293352000  +1                  0011100100101000111001011001 
 4293452000  +1                  0011100100101100111001011001 
 4293546000  +1                  0011100100110000111001011001 
 4293634000  +1                  0011100100110100111001011001 
 4293716000  +1                  0011100100111000111001011001 
 4293792000  +1                  0011100100111100111001011001 
 4293862000  +1                  0011100101000000111001011001 
 4293926000  +1                  0011100101000100111001011001 
 4293984000  +1                  0011100101001000111001011001 
 4294036000  +1                  0011100101001100111001011001 
 4294082000  +1                  0011100101010000111001011001 
 4294122000  +1                  0011100101010100111001011001 
 4294156000  +1                  0011100101011000111001011001 
 4294184000  +1                  0011100101011100111001011001 
 4294206000  +1                  0011100101100000111001011001 
 4294798000  +1                  0011101000011100111010001011 
 4294832000  +1                  0011101000100000111010001011 
 4294860000  +1                  0011101000100100111010001011 
 4294882000  +1                  0011101000101000111010001011 
 4295126000  +1                  0011101001010100111010100111 
 4295244000  +1                  0011101001011000111010100111 
 4295356000  +1                  0011101001011100111010100111 
 4295462000  +1                  0011101001100000111010100111 
 4295562000  +1                  0011101001100100111010100111 
 4295656000  +1                  0011101001101000111010100111 
 4295744000  +1                  0011101001101100111010100111 
 4295826000  +1                  0011101001110000111010100111 
 4295902000  +1                  0011101001110100111010100111 
 4295972000  +1                  0011101001111000111010100111 
 4296036000  +1                  0011101001111100111010100111 
 4296094000  +1                  0011101010000000111010100111 
 4296146000  +1                  0011101010000100111010100111 
 4296192000  +1                  0011101010001000111010100111 
 4296232000  +1                  0011101010001100111010100111 
 4296266000  +1                  0011101010010000111010100111 
 4296294000  +1                  0011101010010100111010100111 
 4296316000  +1                  0011101010011000111010100111 
 4296932000  +1                  0011101101100000111011011010 
 4296954000  +1                  0011101101100100111011011010 
 4297204000  +1                  0011101110011000111011110101 
 4297304000  +1                  0011101110011100111011110101 
 4297398000  +1                  0011101110100000111011110101 
 4297486000  +1                  0011101110100100111011110101 
 4297568000  +1                  0011101110101000111011110101 
 4297644000  +1                  0011101110101100111011110101 
 4297714000  +1                  0011101110110000111011110101 
 4297778000  +1                  0011101110110100111011110101 
 4297836000  +1                  0011101110111000111011110101 
 4297888000  +1                  0011101110111100111011110101 
 4297934000  +1                  0011101111000000111011110101 
 4297974000  +1                  0011101111000100111011110101 
 4298008000  +1                  0011101111001000111011110101 
 4298036000  +1                  0011101111001100111011110101 
 4298058000  +1                  0011101111010000111011110101 
 4298698000  +1                  0011110010100000111100101010 
 4298720000  +1                  0011110010100100111100101010 
 4298934000  +1                  0011110011011100111100111110 
 4298986000  +1                  0011110011100000111100111110 
 4299032000  +1                  0011110011100100111100111110 
 4299072000  +1                  0011110011101000111100111110 
 4299106000  +1                  0011110011101100111100111110 
 4299134000  +1                  0011110011110000111100111110 
 4299156000  +1                  0011110011110100111100111110 
 4299196000  +1                  0011110011111100111101000001 
 4299218000  +1                  0011110100000000111101000001 
 4299906000  +1                  0011110111100000111101111010 
 4299928000  +1                  0011110111100100111101111010 
 4300172000  +1                  0011111000100000111110010010 
 4300242000  +1                  0011111000100100111110010010 
 4300306000  +1                  0011111000101000111110010010 
 4300364000  +1                  0011111000101100111110010010 
 4300416000  +1                  0011111000110000111110010010 
 4300462000  +1                  0011111000110100111110010010 
 4300502000  +1                  0011111000111000111110010010 
 4300536000  +1                  0011111000111100111110010010 
 4300564000  +1                  0011111001000000111110010010 
 4300586000  +1                  0011111001000100111110010010 
 4301448000  +1                  0011111101011100111111011010 
 4301476000  +1                  0011111101100000111111011010 
 4301498000  +1                  0011111101100100111111011010 
 4301544000  +1                  0011111101101100111111011110 
 4301572000  +1                  0011111101110000111111011110 
 4301594000  +1                  0011111101110100111111011110 
 4301652000  +1                  0011111110000000111111100011 
 4301680000  +1                  0011111110000100111111100011 
 4301702000  +1                  0011111110001000111111100011 
 4302540000  +1                  0100000010011001000000101001 
 4302568000  +1                  0100000010011101000000101001 
 4302590000  +1                  0100000010100001000000101001 
 4302660000  +1                  0100000010101101000000110000 
 4302700000  +1                  0100000010110001000000110000 
 4302734000  +1                  0100000010110101000000110000 
 4302762000  +1                  0100000010111001000000110000 
 4302784000  +1                  0100000010111101000000110000 
 4302824000  +1                  0100000011000101000000110011 
 4302846000  +1                  0100000011001001000000110011 
 4303678000  +1                  0100000111011001000001111000 
 4303700000  +1                  0100000111011101000001111000 
 4303848000  +1                  0100001000001001000010000100 
 4303870000  +1                  0100001000001101000010000100 
 4304678000  +1                  0100001100010101000011000111 
 4304700000  +1                  0100001100011001000011000111 
 4304872000  +1                  0100001101001101000011010101 
 4304894000  +1                  0100001101010001000011010101 
 4305678000  +1                  0100010001010001000100010110 
 4305700000  +1                  0100010001010101000100010110 
 4305890000  +1                  0100010010001101000100100110 
 4305918000  +1                  0100010010010001000100100110 
 4305940000  +1                  0100010010010101000100100110 
 4306706000  +1                  0100010110001101000101100110 
 4306734000  +1                  0100010110010001000101100110 
 4306756000  +1                  0100010110010101000101100110 
 4306958000  +1                  0100010111010001000101110111 
 4306986000  +1                  0100010111010101000101110111 
 4307008000  +1                  0100010111011001000101110111 
 4307750000  +1                  0100011011001001000110110101 
 4307778000  +1                  0100011011001101000110110101 
 4307800000  +1                  0100011011010001000110110101 
 4308026000  +1                  0100011100010101000111001000 
 4308054000  +1                  0100011100011001000111001000 
 4308076000  +1                  0100011100011101000111001000 
 4308794000  +1                  0100100000000101001000000100 
 4308822000  +1                  0100100000001001001000000100 
 4308844000  +1                  0100100000001101001000000100 
 4309094000  +1                  0100100001011001001000011001 
 4309122000  +1                  0100100001011101001000011001 
 4309144000  +1                  0100100001100001001000011001 
 4310108000  +1                  0100100110011101001001101001 
 4310130000  +1                  0100100110100001001001101001 
 4311088000  +1                  0100101011011101001010111000 
