         ps       /simulacion_test_busqueda/vector_me_sig_reg    
          delta                                                  
          0  +0                  0000000000000000000000000000 
  294220000  +1                  0000000110011001001011000000 
  580880000  +1                  0000001011010101001011000000 
  858120000  +1                  0000001011011001001011000000 
 1135300000  +1                  0000001011011101001011000000 
 1413560000  +1                  0000001100101101001011000000 
 1689480000  +1                  0000001100110001001011000000 
 1968760000  +1                  0000010000011001001011000000 
 2241140000  +1                  0000010000011101001011000000 
 2513460000  +1                  0000010000100001001011000000 
 2786740000  +1                  0000010001101001001011000000 
 3057920000  +1                  0000010001101101001011000000 
 3329040000  +1                  0000010001110001001011000000 
 3603580000  +1                  0000010101011101001011000000 
 3871100000  +1                  0000010101100001001011000000 
 4139520000  +1                  0000010110100101001011000000 
 4405960000  +1                  0000010110101001001011000000 
 4672340000  +1                  0000010110101101001011000000 
 4942260000  +1                  0000011010100001001011000000 
 5204920000  +1                  0000011010100101001011000000 
 5468360000  +1                  0000011011100001001011000000 
 5730060000  +1                  0000011011100101001011000000 
 5991700000  +1                  0000011011101001001011000000 
 6257000000  +1                  0000011111100101001011000000 
 6514800000  +1                  0000011111101001001011000000 
 6773320000  +1                  0000100000100001001011000000 
 7030220000  +1                  0000100000100101001011000000 
 7290840000  +1                  0000100100100101001011000000 
 7543840000  +1                  0000100100101001001011000000 
 7796780000  +1                  0000100100101101001011000000 
 8050320000  +1                  0000100101011101001011000000 
 8302480000  +1                  0000100101100001001011000000 
 8558480000  +1                  0000101001101001001011000000 
 8806620000  +1                  0000101001101101001011000000 
 9054700000  +1                  0000101001110001001011000000 
 9302840000  +1                  0000101001111101001011000000 
 9550680000  +1                  0000101010000001001011000000 
 9798460000  +1                  0000101010000101001011000000 
 1004618000  +1                  0000101010001001001011000000 
 1029402000  +1                  0000101010011001001011000000 
 1054144000  +1                  0000101010011101001011000000 
 1079282000  +1                  0000101110101101001011000000 
 1103610000  +1                  0000101110110001001011000000 
 1127932000  +1                  0000101110110101001011000000 
 1152248000  +1                  0000101110111001001011000000 
 1176558000  +1                  0000101110111101001011000000 
 1200862000  +1                  0000101111000001001011000000 
 1225160000  +1                  0000101111000101001011000000 
 1249452000  +1                  0000101111001001001011000000 
 1273750000  +1                  0000101111010101001011000000 
 1298018000  +1                  0000101111011001001011000000 
 1322694000  +1                  0000110011110001001011000000 
 1346536000  +1                  0000110011110101001011000000 
 1370372000  +1                  0000110011111001001011000000 
 1394202000  +1                  0000110011111101001011000000 
 1418026000  +1                  0000110100000001001011000000 
 1441844000  +1                  0000110100000101001011000000 
 1465656000  +1                  0000110100001001001011000000 
 1489468000  +1                  0000110100010001001011000000 
 1513262000  +1                  0000110100010101001011000000 
 1537050000  +1                  0000110100011001001011000000 
 1561144000  +1                  0000110111101101001011000000 
 1584608000  +1                  0000110111110001001011000000 
 1608066000  +1                  0000110111110101001011000000 
 1631608000  +1                  0000111000110101001011000000 
 1654964000  +1                  0000111000111001001011000000 
 1678314000  +1                  0000111000111101001011000000 
 1701658000  +1                  0000111001000001001011000000 
 1724996000  +1                  0000111001000101001011000000 
 1748328000  +1                  0000111001001001001011000000 
 1771654000  +1                  0000111001001101001011000000 
 1794974000  +1                  0000111001010001001011000000 
 1818288000  +1                  0000111001010101001011000000 
 1841914000  +1                  0000111100101101001011000000 
 1864898000  +1                  0000111100110001001011000000 
 1887876000  +1                  0000111100110101001011000000 
 1910920000  +1                  0000111101101001001011000000 
 1933814000  +1                  0000111101101101001011000000 
 1956702000  +1                  0000111101110001001011000000 
 1979584000  +1                  0000111101110101001011000000 
 2002460000  +1                  0000111101111001001011000000 
 2025330000  +1                  0000111101111101001011000000 
 2048194000  +1                  0000111110000001001011000000 
 2071052000  +1                  0000111110000101001011000000 
 2093904000  +1                  0000111110001001001011000000 
 2116750000  +1                  0000111110001101001011000000 
 2139590000  +1                  0000111110010001001011000000 
 2162742000  +1                  0001000001101001001011000000 
 2185252000  +1                  0001000001101101001011000000 
 2207756000  +1                  0001000001110001001011000000 
 2230254000  +1                  0001000001110101001011000000 
 2252746000  +1                  0001000001111001001011000000 
 2275232000  +1                  0001000001111101001011000000 
 2297772000  +1                  0001000010101001001011000000 
 2320186000  +1                  0001000010101101001011000000 
 2342594000  +1                  0001000010110001001011000000 
 2364996000  +1                  0001000010110101001011000000 
 2387392000  +1                  0001000010111001001011000000 
 2409782000  +1                  0001000010111101001011000000 
 2432166000  +1                  0001000011000001001011000000 
 2454544000  +1                  0001000011000101001011000000 
 2476916000  +1                  0001000011001001001011000000 
 2499282000  +1                  0001000011001101001011000000 
 2521642000  +1                  0001000011010001001011000000 
 2543996000  +1                  0001000011010101001011000000 
 2566344000  +1                  0001000011011001001011000000 
 2588686000  +1                  0001000011011101001011000000 
 2611022000  +1                  0001000011100001001011000000 
 2633352000  +1                  0001000011100101001011000000 
 2655970000  +1                  0001000110101101001011000000 
 2677994000  +1                  0001000110110001001011000000 
 2700012000  +1                  0001000110110101001011000000 
 2722024000  +1                  0001000110111001001011000000 
 2744030000  +1                  0001000110111101001011000000 
 2766030000  +1                  0001000111000001001011000000 
 2788024000  +1                  0001000111000101001011000000 
 2810012000  +1                  0001000111001001001011000000 
 2831994000  +1                  0001000111001101001011000000 
 2853970000  +1                  0001000111010001001011000000 
 2875940000  +1                  0001000111010101001011000000 
 2897904000  +1                  0001000111011001001011000000 
 2919862000  +1                  0001000111011101001011000000 
 2941814000  +1                  0001000111100001001011000000 
 2963760000  +1                  0001000111100101001011000000 
 2985700000  +1                  0001000111101001001011000000 
 3007634000  +1                  0001000111101101001011000000 
 3029562000  +1                  0001000111110001001011000000 
 3051484000  +1                  0001000111110101001011000000 
 3073400000  +1                  0001000111111001001011000000 
 3095310000  +1                  0001000111111101001011000000 
 3117214000  +1                  0001001000000001001011000000 
 3139112000  +1                  0001001000000101001011000000 
 3161004000  +1                  0001001000001001001011000000 
 3182890000  +1                  0001001000001101001011000000 
 3204770000  +1                  0001001000010001001011000000 
 3226644000  +1                  0001001000010101001011000000 
 3248512000  +1                  0001001000011001001011000000 
 3270374000  +1                  0001001000011101001011000000 
 3292230000  +1                  0001001000100001001011000000 
 3314080000  +1                  0001001000100101001011000000 
 3335924000  +1                  0001001000101001001011000000 
 3357762000  +1                  0001001000101101001011000000 
 3379876000  +1                  0001001011101101001011000000 
 3401420000  +1                  0001001011110001001011000000 
 3422958000  +1                  0001001011110101001011000000 
 3444490000  +1                  0001001011111001001011000000 
 3466016000  +1                  0001001011111101001011000000 
 3487536000  +1                  0001001100000001001011000000 
 3509050000  +1                  0001001100000101001011000000 
 3530558000  +1                  0001001100001001001011000000 
 3552060000  +1                  0001001100001101001011000000 
 3573556000  +1                  0001001100010001001011000000 
 3595046000  +1                  0001001100010101001011000000 
 3616530000  +1                  0001001100011001001011000000 
 3638008000  +1                  0001001100011101001011000000 
 3659480000  +1                  0001001100100001001011000000 
 3680946000  +1                  0001001100100101001011000000 
 3702406000  +1                  0001001100101001001011000000 
 3723860000  +1                  0001001100101101001011000000 
 3745308000  +1                  0001001100110001001011000000 
 3766750000  +1                  0001001100110101001011000000 
 3788186000  +1                  0001001100111001001011000000 
 3809616000  +1                  0001001100111101001011000000 
 3831040000  +1                  0001001101000001001011000000 
 3852458000  +1                  0001001101000101001011000000 
 3873870000  +1                  0001001101001001001011000000 
 3895276000  +1                  0001001101001101001011000000 
 3916676000  +1                  0001001101010001001011000000 
 3938070000  +1                  0001001101010101001011000000 
 3959458000  +1                  0001001101011001001011000000 
 3980840000  +1                  0001001101011101001011000000 
 4002216000  +1                  0001001101100001001011000000 
 4023586000  +1                  0001001101100101001011000000 
 4044950000  +1                  0001001101101001001011000000 
 4066308000  +1                  0001001101101101001011000000 
 4087942000  +1                  0001010000101101001011000000 
 4109006000  +1                  0001010000110001001011000000 
 4130064000  +1                  0001010000110101001011000000 
 4151182000  +1                  0001010001100101001011000000 
 4172162000  +1                  0001010001101001001011000000 
 4193136000  +1                  0001010001101101001011000000 
 4214104000  +1                  0001010001110001001011000000 
 4235066000  +1                  0001010001110101001011000000 
 4256022000  +1                  0001010001111001001011000000 
 4276972000  +1                  0001010001111101001011000000 
 4297916000  +1                  0001010010000001001011000000 
 4318854000  +1                  0001010010000101001011000000 
 4339786000  +1                  0001010010001001001011000000 
 4360712000  +1                  0001010010001101001011000000 
 4381632000  +1                  0001010010010001001011000000 
 4402546000  +1                  0001010010010101001011000000 
 4423454000  +1                  0001010010011001001011000000 
 4444356000  +1                  0001010010011101001011000000 
 4465252000  +1                  0001010010100001001011000000 
 4486142000  +1                  0001010010100101001011000000 
 4507320000  +1                  0001010101101101001011000000 
 4527904000  +1                  0001010101110001001011000000 
 4548482000  +1                  0001010101110101001011000000 
 4569126000  +1                  0001010110101001001011000000 
 4589620000  +1                  0001010110101101001011000000 
 4610108000  +1                  0001010110110001001011000000 
 4630590000  +1                  0001010110110101001011000000 
 4651066000  +1                  0001010110111001001011000000 
 4671536000  +1                  0001010110111101001011000000 
 4692000000  +1                  0001010111000001001011000000 
 4712458000  +1                  0001010111000101001011000000 
 4732910000  +1                  0001010111001001001011000000 
 4753356000  +1                  0001010111001101001011000000 
 4773796000  +1                  0001010111010001001011000000 
 4794230000  +1                  0001010111010101001011000000 
 4814658000  +1                  0001010111011001001011000000 
 4835080000  +1                  0001010111011101001011000000 
 4855802000  +1                  0001011010101101001011000000 
 4875906000  +1                  0001011010110001001011000000 
 4896004000  +1                  0001011010110101001011000000 
 4916168000  +1                  0001011011101001001011000000 
 4936182000  +1                  0001011011101101001011000000 
 4956190000  +1                  0001011011110001001011000000 
 4976192000  +1                  0001011011110101001011000000 
 4996188000  +1                  0001011011111001001011000000 
 5016178000  +1                  0001011011111101001011000000 
 5036162000  +1                  0001011100000001001011000000 
 5056140000  +1                  0001011100000101001011000000 
 5076112000  +1                  0001011100001001001011000000 
 5096078000  +1                  0001011100001101001011000000 
 5116038000  +1                  0001011100010001001011000000 
 5136316000  +1                  0001011111101101001011000000 
 5155940000  +1                  0001011111110001001011000000 
 5175558000  +1                  0001011111110101001011000000 
 5195254000  +1                  0001100000110001001011000000 
 5214776000  +1                  0001100000110101001011000000 
 5234292000  +1                  0001100000111001001011000000 
 5253802000  +1                  0001100000111101001011000000 
 5273306000  +1                  0001100001000001001011000000 
 5292804000  +1                  0001100001000101001011000000 
 5312296000  +1                  0001100001001001001011000000 
 5331782000  +1                  0001100001001101001011000000 
 5351262000  +1                  0001100001010001001011000000 
 5371156000  +1                  0001100101101101001011000000 
 5390204000  +1                  0001100101110001001011000000 
 5409252000  +1                  0001100101111001001011000000 
 5428282000  +1                  0001100101111101001011000000 
 5447306000  +1                  0001100110000001001011000000 
 5466342000  +1                  0001100110010001001011000000 
 5485336000  +1                  0001100110010101001011000000 
 5504732000  +1                  0001101010101001001011000000 
 5523306000  +1                  0001101010101101001011000000 
 5541892000  +1                  0001101010111101001011000000 
 5560436000  +1                  0001101011000001001011000000 
 5578974000  +1                  0001101011000101001011000000 
 5597506000  +1                  0001101011001001001011000000 
 5616038000  +1                  0001101011010001001011000000 
 5634552000  +1                  0001101011010101001011000000 
 5653060000  +1                  0001101011011001001011000000 
 5671958000  +1                  0001101111100101001011000000 
 5690058000  +1                  0001101111101001001011000000 
 5708152000  +1                  0001101111101101001011000000 
 5726294000  +1                  0001110000010101001011000000 
 5744322000  +1                  0001110000011001001011000000 
 5762344000  +1                  0001110000011101001011000000 
 5780744000  +1                  0001110100100001001011000000 
 5798370000  +1                  0001110100100101001011000000 
 5815990000  +1                  0001110100101001001011000000 
 5833670000  +1                  0001110101011001001011000000 
 5851212000  +1                  0001110101011101001011000000 
 5868748000  +1                  0001110101100001001011000000 
 5886650000  +1                  0001111001011101001011000000 
 5903802000  +1                  0001111001100001001011000000 
 5920948000  +1                  0001111001100101001011000000 
 5938166000  +1                  0001111010011101001011000000 
 5955222000  +1                  0001111010100001001011000000 
 5972272000  +1                  0001111010100101001011000000 
 5989676000  +1                  0001111110011001001011000000 
 6006354000  +1                  0001111110011101001011000000 
 6023026000  +1                  0001111110100001001011000000 
 6039782000  +1                  0001111111100001001011000000 
 6056352000  +1                  0001111111100101001011000000 
 6073276000  +1                  0010000011011001001011000000 
 6089474000  +1                  0010000011011101001011000000 
 6105768000  +1                  0010000100100101001011000000 
 6121852000  +1                  0010000100101001001011000000 
 6138272000  +1                  0010001000010001001011000000 
 6154002000  +1                  0010001000010101001011000000 
 6169726000  +1                  0010001000011001001011000000 
 6185558000  +1                  0010001001101001001011000000 
 6201156000  +1                  0010001001101101001011000000 
 6217216000  +1                  0010001110101001001011000000 
 6232334000  +1                  0010001110101101001011000000 
 6247920000  +1                  0010010011101101001011000000 
