         ps       /simulacion_test_busqueda/vector_me_sig_reg    
          delta                                                  
          0  +0                  0000000000000000000000000000 
  337060000  +1                  0000110011000001001011000000 
  342200000  +1                  0000110011000100001110000100 
  347280000  +1                  0000110011001000001110000100 
  352300000  +1                  0000110011001100001110000100 
  357260000  +1                  0000110011010000001110000100 
  362160000  +1                  0000110011010100001110000100 
  367000000  +1                  0000110011011000001110000100 
  605780000  +1                  0000110011011101001011000000 
  756540000  +1                  0000110111110100110011000001 
  766300000  +1                  0000110111111000010000011110 
  766760000  +1                  0000110111111100001110000100 
  767160000  +1                  0000111000000000001110000100 
  767500000  +1                  0000111000000100001110000100 
  767780000  +1                  0000111000001000001110000100 
  768000000  +1                  0000111000001100001110000100 
  772840000  +1                  0000111000011000001111010000 
  777380000  +1                  0000111000011100001111010000 
  781860000  +1                  0000111000100000001111010000 
  786280000  +1                  0000111000100100001111010000 
  927980000  +1                  0000111000101000110011000001 
 1165620000  +1                  0000111100110001001011000000 
 1165960000  +1                  0000111100110100001111010000 
 1166240000  +1                  0000111100111000001111010000 
 1166460000  +1                  0000111100111100001111010000 
 1171960000  +1                  0000111101101000010000011111 
 1400900000  +1                  0000111101101101001011000000 
 1633560000  +1                  0001000001101101001011000000 
 1633900000  +1                  0001000001110000010000011111 
 1634180000  +1                  0001000001110100010000011111 
 1634400000  +1                  0001000001111000010000011111 
 1860040000  +1                  0001000010110001001011000000 
 2087720000  +1                  0001000110101001001011000000 
 2088000000  +1                  0001000110101100010001101101 
 2088220000  +1                  0001000110110000010001101101 
 2109620000  +1                  0001000111110100010110111111 
 2332380000  +1                  0001001011101001001011000000 
 2332660000  +1                  0001001011101100010010111101 
 2332880000  +1                  0001001011110000010010111101 
 2549220000  +1                  0001001100110101001011000000 
 2549440000  +1                  0001001100111000010011001111 
 2566340000  +1                  0001010000101000010110101011 
 2566560000  +1                  0001010000101100010100001100 
 2588020000  +1                  0001010001110100011001011110 
 2588240000  +1                  0001010001111000010100011111 
 2595600000  +1                  0001010101101000010101011100 
 2595820000  +1                  0001010101101100010101011100 
 2622140000  +1                  0001010110111000011011111110 
 2629440000  +1                  0001011010101000010110101011 
 2629660000  +1                  0001011010101100010110101100 
 2641520000  +1                  0001011011110100011001011110 
 2641800000  +1                  0001011011111000010111000000 
 2642020000  +1                  0001011011111100010111000000 
 2654000000  +1                  0001011111101000011001001011 
 2654220000  +1                  0001011111101100010111111100 
 2851480000  +1                  0001100000110101001011000000 
 2851760000  +1                  0001100000111000011000010000 
 2851980000  +1                  0001100000111100011000010000 
 3050500000  +1                  0001100100101001001011000000 
 3050720000  +1                  0001100100101100011001001100 
 3243180000  +1                  0001100101110101001011000000 
 3243400000  +1                  0001100101111000011001011111 
 3437300000  +1                  0001101001101101001011000000 
 3624900000  +1                  0001101010110001001011000000 
 3625180000  +1                  0001101010110100011010101111 
 3625400000  +1                  0001101010111000011010101111 
 3814560000  +1                  0001101110110001001011000000 
 3997180000  +1                  0001101111101101001011000000 
 3997520000  +1                  0001101111110000011011111111 
 3997800000  +1                  0001101111110100011011111111 
 3998020000  +1                  0001101111111000011011111111 
 4182440000  +1                  0001110011110101001011000000 
 4224960000  +1                  0001110100101000100111110100 
 4225300000  +1                  0001110100101100011101001110 
 4225580000  +1                  0001110100110000011101001110 
 4225800000  +1                  0001110100110100011101001110 
 4234540000  +1                  0001111000111000011110011101 
 4406600000  +1                  0001111000111101001011000000 
 4578600000  +1                  0001111001000001001011000000 
 4579720000  +1                  0001111001011100011110011011 
 4659140000  +1                  0001111001100000110011000001 
 4659540000  +1                  0001111001100100011110011101 
 4659880000  +1                  0001111001101000011110011101 
 4660160000  +1                  0001111001101100011110011101 
 4660380000  +1                  0001111001110000011110011101 
 4669240000  +1                  0001111110000000011111101011 
 4670000000  +1                  0001111110000100011111101011 
 4670700000  +1                  0001111110001000011111101011 
 4671340000  +1                  0001111110001100011111101011 
 4671920000  +1                  0001111110010000011111101011 
 4672440000  +1                  0001111110010100011111101011 
 4672900000  +1                  0001111110011000011111101011 
 4673300000  +1                  0001111110011100011111101011 
 4673640000  +1                  0001111110100000011111101011 
 4673920000  +1                  0001111110100100011111101011 
 4674140000  +1                  0001111110101000011111101011 
 4683180000  +1                  0010000011001100100000110111 
 4683520000  +1                  0010000011010000100000110111 
 4683800000  +1                  0010000011010100100000110111 
 4684020000  +1                  0010000011011000100000110111 
 4743160000  +1                  0010000101010100101111110000 
 4748180000  +1                  0010000101011000100010100111 
 4753140000  +1                  0010000101011100100010100111 
 4758040000  +1                  0010000101100000100010100111 
 4767680000  +1                  0010000101100100100011110111 
 4777260000  +1                  0010000101101000100011110111 
 4781980000  +1                  0010000101101100100010100111 
 4786640000  +1                  0010000101110000100010100111 
 4791240000  +1                  0010000101110100100010100111 
 4950880000  +1                  0010000101111001001011000000 
 4983080000  +1                  0010001010001100101000110001 
 4983420000  +1                  0010001010010000100010100111 
 4988500000  +1                  0010001010010100100011110111 
 4993520000  +1                  0010001010011000100011110111 
 4998480000  +1                  0010001010011100100011110111 
 5003380000  +1                  0010001010100000100011110111 
 5008220000  +1                  0010001010100100100011110111 
 5013000000  +1                  0010001010101000100011110111 
 5017720000  +1                  0010001010101100100011110111 
 5022380000  +1                  0010001010110000100011110111 
 5026980000  +1                  0010001010110100100011110111 
 5031520000  +1                  0010001010111000100011110111 
 5035880000  +1                  0010001010111100100011110101 
 5190600000  +1                  0010001011000001001011000000 
 5222500000  +1                  0010001111001000101010000001 
 5222780000  +1                  0010001111001100100011110101 
 5223120000  +1                  0010001111010000100011110111 
 5223400000  +1                  0010001111010100100011110111 
 5223620000  +1                  0010001111011000100011110111 
 5228940000  +1                  0010001111111100100101000101 
 5233240000  +1                  0010010000000000100101000101 
 5237420000  +1                  0010010000000100100101000100 
 5277060000  +1                  0010010100000100101101010101 
 5277340000  +1                  0010010100001000100101000100 
 5277620000  +1                  0010010100001100100101000101 
 5277840000  +1                  0010010100010000100101000101 
 5283460000  +1                  0010010101000100100110010100 
 5428460000  +1                  0010010101001001001011000000 
 5577060000  +1                  0010011001000001001011000000 
 5577340000  +1                  0010011001000100100110010011 
 5577620000  +1                  0010011001001000100110010100 
 5577840000  +1                  0010011001001100100110010100 
 5581180000  +1                  0010011010001000100110111011 
 5721320000  +1                  0010011010001101001011000000 
 5865000000  +1                  0010011110000001001011000000 
 5865280000  +1                  0010011110000100100111100011 
 5865500000  +1                  0010011110001000100111100011 
 6002760000  +1                  0010011111001101001011000000 
 6002980000  +1                  0010011111010000100111110101 
 6141740000  +1                  0010100011000001001011000000 
 6141960000  +1                  0010100011000100101000110010 
 6149020000  +1                  0010100100001100101010010100 
 6149240000  +1                  0010100100010000101001000101 
 6281280000  +1                  0010100110000001001011000000 
 6295900000  +1                  0010100110000100101101010010 
 6297920000  +1                  0010100110001000101010000001 
 6302760000  +1                  0010101000000000101010010100 
 6302980000  +1                  0010101000000100101010000010 
 6310160000  +1                  0010101001010000101011100101 
 6315420000  +1                  0010101010111000101011010001 
 6325360000  +1                  0010101010111100101101010010 
 6335240000  +1                  0010101011000000101101010010 
 6345060000  +1                  0010101011000100101101010010 
 6354820000  +1                  0010101011001000101101010010 
 6478640000  +1                  0010101011001101001011000000 
 6487020000  +1                  0010101101000000101100100001 
 6487240000  +1                  0010101101000100101011010010 
 6489680000  +1                  0010101110010000101011100110 
 6489900000  +1                  0010101110010100101011100110 
 6612100000  +1                  0010101111111001001011000000 
 6617240000  +1                  0010101111111100101101010010 
 6622320000  +1                  0010110000000000101101010010 
 6627340000  +1                  0010110000000100101101010010 
 6632300000  +1                  0010110000001000101101010010 
 6641880000  +1                  0010110000001100101110100000 
 6762520000  +1                  0010110010000001001011000000 
 6762740000  +1                  0010110010000100101100100010 
 6880920000  +1                  0010110011001101001011000000 
 6881140000  +1                  0010110011010000101100110101 
 6889580000  +1                  0010110100111000101110100110 
 6889920000  +1                  0010110100111100101101010010 
 6890200000  +1                  0010110101000000101101010010 
 6890420000  +1                  0010110101000100101101010010 
 7004760000  +1                  0010110101001101001011000000 
 7005040000  +1                  0010110101010000101101010110 
 7005260000  +1                  0010110101010100101101010110 
 7011840000  +1                  0010110111000100101110100110 
 7125220000  +1                  0010111000001101001011000000 
 7125440000  +1                  0010111000010000101110000101 
 7129080000  +1                  0010111001111000101110100110 
 7129660000  +1                  0010111001111100101110100110 
 7239260000  +1                  0010111010000001001011000000 
 7348860000  +1                  0010111010001001001011000000 
 7349200000  +1                  0010111010001100101110100110 
 7349540000  +1                  0010111010010000101110100111 
 7349820000  +1                  0010111010010100101110100111 
 7350040000  +1                  0010111010011000101110100111 
 7460780000  +1                  0010111100000101001011000000 
 7569300000  +1                  0010111101001001001011000000 
 7569580000  +1                  0010111101001100101111010101 
 7569800000  +1                  0010111101010000101111010101 
 7573560000  +1                  0010111111000000101111110110 
 7574080000  +1                  0010111111000100101111110111 
 7574480000  +1                  0010111111001000101111110110 
 7574880000  +1                  0010111111001100101111110111 
 7575220000  +1                  0010111111010000101111110111 
 7575500000  +1                  0010111111010100101111110111 
 7575720000  +1                  0010111111011000101111110111 
 7681720000  +1                  0011000001001001001011000000 
 7785260000  +1                  0011000010000101001011000000 
 7785540000  +1                  0011000010001000110000100100 
 7785760000  +1                  0011000010001100110000100100 
 7789640000  +1                  0011000100000000110001000110 
 7790100000  +1                  0011000100000100110001000110 
 7790500000  +1                  0011000100001000110001000110 
 7790840000  +1                  0011000100001100110001000110 
 7791120000  +1                  0011000100010000110001000110 
 7791340000  +1                  0011000100010100110001000110 
 7795940000  +1                  0011000110001100110001110011 
 7893780000  +1                  0011000110010001001011000000 
 7992160000  +1                  0011000110111101001011000000 
 7992500000  +1                  0011000111000000110001110011 
 7992780000  +1                  0011000111000100110001110011 
 7993000000  +1                  0011000111001000110001110011 
 7997060000  +1                  0011001001000100110010010110 
 7997460000  +1                  0011001001001000110010010110 
 7997800000  +1                  0011001001001100110010010110 
 7998080000  +1                  0011001001010000110010010110 
 7998300000  +1                  0011001001010100110010010110 
 8002900000  +1                  0011001011010000110011000010 
 8003840000  +1                  0011001011010100110011000010 
 8004720000  +1                  0011001011011000110011000010 
 8097580000  +1                  0011001011011101001011000000 
 8098640000  +1                  0011001011110100110011000010 
 8099040000  +1                  0011001011111000110011000010 
 8099380000  +1                  0011001011111100110011000010 
 8099660000  +1                  0011001100000000110011000010 
 8099880000  +1                  0011001100000100110011000010 
 8108800000  +1                  0011010000011100110100001111 
 8109380000  +1                  0011010000100000110100001111 
 8109900000  +1                  0011010000100100110100001111 
 8110360000  +1                  0011010000101000110100001111 
 8110760000  +1                  0011010000101100110100001111 
 8111100000  +1                  0011010000110000110100001111 
 8111380000  +1                  0011010000110100110100001111 
 8111600000  +1                  0011010000111000110100001111 
