         ps       /simulacion_test_busqueda/vector_me_sig_reg    
          delta                                                  
          0  +0                  0000000000000000000000000000 
   85960000  +1                  0000001111011100010010100000 
  148340000  +1                  0000010000110000010011110001 
  372900000  +1                  0000010001000100111110100101 
  496120000  +1                  0000010001001100100100010100 
  501080000  +1                  0000010001110000000101011100 
  501600000  +1                  0000010001110100000100100011 
  504340000  +1                  0000010001111100000101001000 
  994460000  +1                  0000010010001000111101100101 
 1001820000  +1                  0000010101101100000101100011 
 1002400000  +1                  0000010101110000000101100011 
 1003460000  +1                  0000010110001000000101100111 
 1003860000  +1                  0000010110001100000101100111 
 1004440000  +1                  0000010110011000000101101001 
 1005020000  +1                  0000010110101000000101101011 
 1005600000  +1                  0000010110110100000101110000 
 1006120000  +1                  0000010110111100000101110011 
 1006580000  +1                  0000010111001000000101110011 
 1009920000  +1                  0000011000011100000110010100 
 1035760000  +1                  0000011100011100001011110101 
 1330400000  +1                  0000011101001000001111110011 
 1462140000  +1                  0000011101011000101001100001 
 1599880000  +1                  0000011110001000101011000001 
 1645220000  +1                  0000100001011100010010100000 
 1659060000  +1                  0000100001100000001011111100 
 1668880000  +1                  0000100001100100001010111010 
 1688780000  +1                  0000100010001100001101011010 
 1690680000  +1                  0000100011001000001000110011 
 1697740000  +1                  0000100110100100001001110000 
 1697960000  +1                  0000100110101000001001101011 
 1713840000  +1                  0000100111001000001101101010 
 1714180000  +1                  0000100111001100001001110110 
 1715120000  +1                  0000100111101000001001111011 
 1715520000  +1                  0000100111110000001001111110 
 1736920000  +1                  0000101000001000001111011010 
 1740380000  +1                  0000101000001100001010111010 
 1993800000  +1                  0000101010010000001010100111 
 1994080000  +1                  0000101010010100001010100111 
 1994480000  +1                  0000101010011100001010101001 
 1995060000  +1                  0000101010101000001010101101 
 1996960000  +1                  0000101011100000001010111011 
 2329520000  +1                  0000101011101000100001010110 
 2331540000  +1                  0000101100001000001011010011 
 2354200000  +1                  0000101100001100010000111010 
 2562620000  +1                  0000101100010001000001010011 
 2568780000  +1                  0000101100011000001100101000 
 2819140000  +1                  0000101100101000001100010110 
 2821820000  +1                  0000101100110000001011110100 
 2833860000  +1                  0000101100110100001110010011 
 2836840000  +1                  0000101101001000001011111001 
 3044720000  +1                  0000101101010101000001010111 
 3046620000  +1                  0000101110010000001011100101 
 3047140000  +1                  0000101110010100001011101011 
 3047960000  +1                  0000101110101100001011101100 
 3051480000  +1                  0000101111010100001100011011 
 3134260000  +1                  0000101111011000100001010111 
 3136580000  +1                  0000101111011100001100011011 
 3201840000  +1                  0000101111100000011100110101 
 3208900000  +1                  0000101111101100001101101010 
 3230900000  +1                  0000101111110000010001101000 
 3248580000  +1                  0000110000011000010000011000 
 3257620000  +1                  0000110000011100001110011011 
 3260420000  +1                  0000110000100000001100110100 
 3364500000  +1                  0000110001001100100111000011 
 3476500000  +1                  0000110001010000101001011100 
 3571820000  +1                  0000110001011000100101000110 
 3666840000  +1                  0000110001110000100100111111 
 3787420000  +1                  0000110001110100101011110100 
 3790640000  +1                  0000110011011000001100111001 
 3791280000  +1                  0000110011100100001100111101 
 3791740000  +1                  0000110011110000001100111101 
 3792860000  +1                  0000110100010000001101000110 
 3793200000  +1                  0000110100011000001101000111 
 3793960000  +1                  0000110100101100001101001101 
 3795740000  +1                  0000110100110100001101100110 
 4134300000  +1                  0000110101011100100111100100 
 4380400000  +1                  0000110101100100001111110011 
 4381760000  +1                  0000110110001000001101100110 
 4693920000  +1                  0000110110010000100001010110 
 4694140000  +1                  0000110110010100001101100110 
 4694960000  +1                  0000110110101100001101101100 
 4696140000  +1                  0000110111001100001101110110 
 4696420000  +1                  0000110111010000001101110110 
 4696640000  +1                  0000110111010100001101110110 
 4698420000  +1                  0000111000000100001110000110 
 4709440000  +1                  0000111000010000010000110101 
 4709900000  +1                  0000111000011000001110001001 
 4710540000  +1                  0000111000100100001110001101 
 4717660000  +1                  0000111001010000001111110100 
 4718300000  +1                  0000111001011000001110011100 
 4719120000  +1                  0000111001110000001110011101 
 4719340000  +1                  0000111001110100001110011110 
 4825400000  +1                  0000111010011000101001111011 
 4830300000  +1                  0000111010011100001111110110 
 4838920000  +1                  0000111010100000010000110101 
 4845740000  +1                  0000111010100100010000011000 
 4847040000  +1                  0000111011001100001110110100 
 4849300000  +1                  0000111100010100001111000110 
 4850660000  +1                  0000111100100100001111010111 
 4852020000  +1                  0000111101000100001111010111 
 4852480000  +1                  0000111101001000001111010111 
 4854020000  +1                  0000111101111000001111011111 
 4854240000  +1                  0000111101111100001111100000 
 4858780000  +1                  0000111110010000010000100101 
 4870160000  +1                  0000111110101100010010011010 
 4871580000  +1                  0000111111000100001111111100 
 4875460000  +1                  0000111111011100010000101011 
 4875800000  +1                  0000111111100000001111111011 
 4877940000  +1                  0000111111101000010000011001 
 4879000000  +1                  0001000000001000010000000011 
 4879280000  +1                  0001000000001100010000000101 
 4879500000  +1                  0001000000010000010000000101 
 4896100000  +1                  0001000001010000010100001000 
 5206160000  +1                  0001000001011000100110010111 
 5214180000  +1                  0001000001011100010010011010 
 5298820000  +1                  0001000001100000100110011000 
 5299520000  +1                  0001000001100100010000100010 
 5301780000  +1                  0001000001101100010000111100 
 5613400000  +1                  0001000001110100100110111111 
 5989460000  +1                  0001000001111100110111110101 
 5990100000  +1                  0001000010001000010000100110 
 6069220000  +1                  0001000010010000100101000110 
 6069680000  +1                  0001000010011100010000101000 
 6070200000  +1                  0001000010100000010000101110 
 6230620000  +1                  0001000010101100111010010110 
 6323360000  +1                  0001000010110000101000110011 
 6325080000  +1                  0001000011000000010001000100 
 6326560000  +1                  0001000011000100010001000111 
 6418340000  +1                  0001000011001100101000101000 
 6419640000  +1                  0001000011010000010001000111 
 6732820000  +1                  0001000011011100101000001010 
 6822440000  +1                  0001000011100000101000001011 
 6871560000  +1                  0001000011100100011101101001 
 7095280000  +1                  0001000011110100010001000000 
 7096040000  +1                  0001000100000000010001000110 
 7096560000  +1                  0001000100001000010001000110 
 7186420000  +1                  0001000100010000101000011001 
 7187000000  +1                  0001000100011100010001001010 
 7187340000  +1                  0001000100100100010001001010 
 7190560000  +1                  0001000110001100010001100100 
 7192220000  +1                  0001000110011100010001111010 
 7200120000  +1                  0001000110100000010011101001 
 7200400000  +1                  0001000110100100010001101011 
 7200620000  +1                  0001000110101000010001101011 
 7293420000  +1                  0001000110110100101001110001 
 7295140000  +1                  0001000111100100010001111101 
 7295360000  +1                  0001000111101000010001111011 
 7295640000  +1                  0001000111101100010001111101 
 7296700000  +1                  0001001000001100010010000100 
 7297760000  +1                  0001001000100000010010001111 
 7298280000  +1                  0001001000100100010010001111 
 7517020000  +1                  0001001000101100010010001111 
 7517420000  +1                  0001001000110100010010001111 
 7518720000  +1                  0001001001000100010010011110 
 7519060000  +1                  0001001001001000010010010101 
 7691120000  +1                  0001001001001100111111000100 
 7691940000  +1                  0001001001010100010010011110 
 7754560000  +1                  0001001001011100100010100110 
 7843640000  +1                  0001001010000000101001011010 
 7845780000  +1                  0001001011000100010010110010 
 7846120000  +1                  0001001011001100010010110100 
 7938980000  +1                  0001001011100000101010111001 
 7939200000  +1                  0001001011100100010010111010 
 7939780000  +1                  0001001011101100010011000000 
 7940900000  +1                  0001001100000100010011000111 
 7941600000  +1                  0001001100011000010011000111 
 7942480000  +1                  0001001100110000010011001110 
 7943300000  +1                  0001001101000100010011010100 
 7944120000  +1                  0001001101011100010011011000 
 7966600000  +1                  0001001101101000011001001010 
 7966940000  +1                  0001001101110000010011011101 
 7969920000  +1                  0001001110011000010100000011 
 8028280000  +1                  0001001111000000100010101000 
 8159180000  +1                  0001001111000100110101110100 
 8161320000  +1                  0001010000001000010100000011 
 8253640000  +1                  0001010000100000101011111110 
 8255180000  +1                  0001010001010000010100010101 
 8256960000  +1                  0001010010001000010100100011 
 8258200000  +1                  0001010010101100010100101101 
 8258420000  +1                  0001010010110000010100101101 
 8259540000  +1                  0001010011010000010100110110 
 8259760000  +1                  0001010011010100010100110110 
 8260580000  +1                  0001010011100100010100111110 
 8277420000  +1                  0001010100000000011001001010 
 8309500000  +1                  0001100100101000011001001100 
 8377700000  +1                  0001100100101100101010111001 
 8386800000  +1                  0001101001010000011010011001 
 8481580000  +1                  0001101001101100110010111000 
 8490200000  +1                  0001101110001000011011100011 
 8493720000  +1                  0001101110010000011100011010 
 8497060000  +1                  0001101110010100011100011010 
 8509700000  +1                  0001110001100000011110000100 
 8509920000  +1                  0001110001100100011100011010 
 8597980000  +1                  0001110011010100110010111000 
 8651120000  +1                  0001110110011100101001111000 
 8665800000  +1                  0001110110101000100001011000 
 8716720000  +1                  0001110110101100101010111001 
 8719640000  +1                  0001111000001000011110000100 
 8724660000  +1                  0001111000010100011111010010 
 8796760000  +1                  0001111011011000110000000101 
 8833160000  +1                  0001111011011100101000010011 
 9203280000  +1                  0010000101011100100111000000 
 9237580000  +1                  0010000111100000101001110001 
 9243380000  +1                  0010001010010100100010101011 
 9309720000  +1                  0010001010011000110011110101 
 9326740000  +1                  0010001010011100100111000000 
 9492860000  +1                  0010001100001100100101000101 
 9522600000  +1                  0010001100100000101010101101 
 9542320000  +1                  0010001100100100101000001111 
 9547940000  +1                  0010001111010000100011111011 
 9716580000  +1                  0010001111011100101000100010 
 9728140000  +1                  0010001111100000100110110110 
 9883040000  +1                  0010001111101000100101000101 
 9953460000  +1                  0010010001010000110101110101 
 9959680000  +1                  0010010001100000100101110111 
 9962480000  +1                  0010010001100100100101000101 
 9963000000  +1                  0010010001101100100100011111 
 9963580000  +1                  0010010001111100100100100000 
 9964160000  +1                  0010010010001100100100100100 
 9970020000  +1                  0010010011111100100101101000 
 9971080000  +1                  0010010100010000100101001011 
 9972980000  +1                  0010010100010100100101100010 
 9977460000  +1                  0010010100011000100110001110 
 9990760000  +1                  0010010100011100101000100010 
 9995120000  +1                  0010010100100000100110001110 
 1001316000  +1                  0010010100100100101001110011 
 1001476000  +1                  0010010100101000100101100010 
 1002134000  +1                  0010010110100000100110011001 
 1004832000  +1                  0010011000010000101100001101 
 1004890000  +1                  0010011000100000100110001001 
 1004954000  +1                  0010011000100100100110010001 
 1009872000  +1                  0010011000111100110010110110 
 1011670000  +1                  0010011001000000101010111001 
 1011758000  +1                  0010011001001100100110011011 
 1019478000  +1                  0010011001011000111010010110 
 1019710000  +1                  0010011001011100100110111011 
 1019960000  +1                  0010011001100000100110111111 
 1021194000  +1                  0010011001100100101001100100 
 1031758000  +1                  0010011011001101000001011111 
 1039082000  +1                  0010011011010000111001110110 
 1039128000  +1                  0010011011011000100110111001 
 1068136000  +1                  0010011100101100101001110111 
 1068668000  +1                  0010011100110000101000100010 
 1068744000  +1                  0010011100111000100111010110 
 1070116000  +1                  0010011101010000101010101100 
 1075064000  +1                  0010011101100000110100001000 
 1084596000  +1                  0010011101111101000000000101 
 1086046000  +1                  0010011110001100101011001100 
 1095950000  +1                  0010011110010001000001010100 
 1096176000  +1                  0010011110011000101000000111 
 1096390000  +1                  0010011110100000101000000111 
 1096586000  +1                  0010011110100100101000000111 
 1104696000  +1                  0010100000010000111100010101 
 1107130000  +1                  0010100000100000101110010101 
 1107194000  +1                  0010100000100100101000010001 
 1108434000  +1                  0010100000111000101011010010 
 1113466000  +1                  0010100001110000110101000110 
 1120664000  +1                  0010100010000000111011000111 
 1120710000  +1                  0010100010000100101000100110 
 1121788000  +1                  0010100010001100101011010010 
 1122644000  +1                  0010100010100000101010101100 
 1144716000  +1                  0010100101010000111111000100 
 1166884000  +1                  0010100101101001000001010101 
 1167890000  +1                  0010100101110100101011111110 
 1168092000  +1                  0010100101111000101001111101 
 1169110000  +1                  0010100110011100101011111110 
 1169156000  +1                  0010100110100000101001101101 
 1169322000  +1                  0010100110110100101001111110 
 1169806000  +1                  0010100110111000101010111100 
 1170278000  +1                  0010100110111100101010111011 
 1170324000  +1                  0010100111000000101001110101 
 1187074000  +1                  0010100111100100110100000111 
 1204574000  +1                  0010101010101000110110010101 
 1206528000  +1                  0010101010111000101111101011 
 1206658000  +1                  0010101011011000101010111011 
 1207610000  +1                  0010101100011000101101000100 
 1207650000  +1                  0010101100100000101011001010 
 1216738000  +1                  0010101100100101000010110001 
 1220258000  +1                  0010101101001000110100001010 
 1232916000  +1                  0010110001010000101100010111 
 1232986000  +1                  0010110001011100101100011100 
 1247258000  +1                  0010110010001000110010111000 
 1247508000  +1                  0010110010010000101101001001 
 1247722000  +1                  0010110010010100101101000110 
 1248110000  +1                  0010110100001100101101000111 
 1248360000  +1                  0010110100010000101101101011 
 1248460000  +1                  0010110100101000101101001110 
 1248824000  +1                  0010110110010100101101101011 
 1253046000  +1                  0010110110101000111000011111 
 1257496000  +1                  0010110111001000111001000111 
 1258418000  +1                  0010111001010000101111101001 
 1258608000  +1                  0010111001101000101110101101 
 1258732000  +1                  0010111001101100101110101101 
 1260068000  +1                  0010111011101000110001011010 
 1264740000  +1                  0010111110101000111010010100 
 1268392000  +1                  0010111110101100111001001001 
 1273718000  +1                  0010111110110000111101100001 
 1280298000  +1                  0011000000010101000000011011 
 1280368000  +1                  0011000000100100110000001100 
 1285058000  +1                  0011000000101000111100010101 
 1285638000  +1                  0011000011100100110000111011 
 1285684000  +1                  0011000011110000110000111101 
 1286048000  +1                  0011000101100100110001011011 
 1289448000  +1                  0011000101101000111010001110 
 1289614000  +1                  0011000110011100110001101000 
 1289846000  +1                  0011000110100100110010001011 
 1290252000  +1                  0011001000101000110010001011 
 1290274000  +1                  0011001000101100110010001100 
 1290440000  +1                  0011001000110000110010100101 
 1290738000  +1                  0011001010010000110010100101 
 1290916000  +1                  0011001010101000110010111011 
 1291088000  +1                  0011001011010100110010111011 
 1292232000  +1                  0011001011011000110101110010 
 1302664000  +1                  0011001011100000110101110110 
 1303004000  +1                  0011001101001100110011010101 
 1303056000  +1                  0011001101011000110011011000 
 1313104000  +1                  0011010000100000110101110101 
 1314800000  +1                  0011010000101000111000100000 
 1315134000  +1                  0011010010010100110100100110 
 1323964000  +1                  0011010100011100110101001000 
 1324520000  +1                  0011010101011000110110010100 
 1328262000  +1                  0011010101011100111111000100 
 1328638000  +1                  0011010101100000110110010100 
 1329008000  +1                  0011010101100100110110010100 
 1337340000  +1                  0011010101110000110101011101 
 1343446000  +1                  0011010111001101000100111110 
 1347404000  +1                  0011010111010001000000000101 
 1351944000  +1                  0011010111010101000001100111 
 1353226000  +1                  0011010111011000111001001001 
 1353290000  +1                  0011010111101000110101111100 
 1353312000  +1                  0011010111101100110101111100 
 1353358000  +1                  0011010111111000110101111111 
 1353488000  +1                  0011011000100000110110001001 
 1353510000  +1                  0011011000100100110110001010 
 1353586000  +1                  0011011000111000110110010000 
 1353722000  +1                  0011011001011000110110011100 
 1355100000  +1                  0011011010011100111001101010 
 1355320000  +1                  0011011010101100110111000111 
 1358552000  +1                  0011011100001000111110101110 
 1371582000  +1                  0011011100010101000100111111 
 1379266000  +1                  0011011100100000110111001001 
 1379588000  +1                  0011011100100100110111111100 
 1379904000  +1                  0011011100101000110111111100 
 1380214000  +1                  0011011100101100110111111100 
 1380242000  +1                  0011011100110000110111001110 
 1380426000  +1                  0011011100111000110111101000 
 1380598000  +1                  0011011101000000110111101000 
 1380692000  +1                  0011011101011000110111011001 
 1380720000  +1                  0011011101011100110111011001 
 1380742000  +1                  0011011101100000110111011001 
 1380866000  +1                  0011011101110000110111101000 
 1380894000  +1                  0011011101110100110111011111 
 1380952000  +1                  0011011110000100110111100010 
 1380974000  +1                  0011011110001000110111100011 
 1382040000  +1                  0011011110011100111010001110 
 1382104000  +1                  0011011110101000110111101110 
 1382138000  +1                  0011011110101100110111101110 
 1382466000  +1                  0011011110110100111000011111 
 1382488000  +1                  0011011110111000110111101111 
 1382534000  +1                  0011011110111100110111110100 
 1404852000  +1                  0011011111100100111000010100 
 1404880000  +1                  0011011111101000110111111100 
 1405202000  +1                  0011100001000100111000011000 
 1407642000  +1                  0011100001001100111110100101 
 1407664000  +1                  0011100001010000111000010101 
 1407698000  +1                  0011100001011000111000010111 
 1407732000  +1                  0011100001100000111000011001 
 1407766000  +1                  0011100001100100111000011100 
 1407794000  +1                  0011100001101000111000011100 
 1407816000  +1                  0011100001101100111000011100 
 1407988000  +1                  0011100001111000111000110100 
 1415162000  +1                  0011100010001000111000100110 
 1415244000  +1                  0011100010100000111000101001 
 1415302000  +1                  0011100010101000111000101111 
 1415372000  +1                  0011100010101100111000110100 
 1429602000  +1                  0011100011100100111000111011 
 1429660000  +1                  0011100011101100111001000000 
 1436966000  +1                  0011100011111000111001110111 
 1437234000  +1                  0011100100010000111001100100 
 1464772000  +1                  0011100100101000111001001011 
 1465142000  +1                  0011100110001100111001101110 
 1465206000  +1                  0011100110011100111001101001 
 1471990000  +1                  0011100110101000111001110111 
 1486364000  +1                  0011100111000100111100011110 
 1493046000  +1                  0011100111011100111001111010 
 1493074000  +1                  0011100111100000111001111010 
 1493096000  +1                  0011100111100100111001111010 
 1513290000  +1                  0011101000110100111011001100 
 1513612000  +1                  0011101000111000111011000001 
 1514204000  +1                  0011101001011000111011101000 
 1514502000  +1                  0011101001011100111011000110 
 1546390000  +1                  0011101100000000111011001100 
 1553066000  +1                  0011101100011000111100011000 
 1560252000  +1                  0011101100110100111101111000 
 1568338000  +1                  0011101101110001000000011001 
 1568750000  +1                  0011101110010100111100010111 
 1578288000  +1                  0011101110100101000100111101 
 1578676000  +1                  0011110000011000111100001100 
 1578722000  +1                  0011110000011100111100001100 
 1580838000  +1                  0011110000100001000001100110 
 1581820000  +1                  0011110000101000111110101001 
 1585706000  +1                  0011110001000101000110001010 
 1585734000  +1                  0011110001001000111100010100 
 1591630000  +1                  0011110010011000111100110000 
 1591694000  +1                  0011110010100000111100101110 
 1592094000  +1                  0011110010101100111101100111 
 1592464000  +1                  0011110010110000111101100111 
 1598108000  +1                  0011110011100100111100111010 
 1598130000  +1                  0011110011101000111100111011 
 1598458000  +1                  0011110101010000111101010110 
 1603760000  +1                  0011110101100100111101011011 
 1604298000  +1                  0011110101101000111110110001 
 1604332000  +1                  0011110101110000111101011101 
 1611026000  +1                  0011110110100001000001001101 
 1611474000  +1                  0011110110100100111110110001 
 1611598000  +1                  0011110110101100111101111011 
 1617062000  +1                  0011110111111100111110100100 
 1617108000  +1                  0011111000000000111110000101 
 1617148000  +1                  0011111000000100111110000101 
 1617266000  +1                  0011111000101000111110001011 
 1617600000  +1                  0011111010010000111110100111 
 1617760000  +1                  0011111010100000111110111010 
 1618244000  +1                  0011111010100100111111110111 
 1618764000  +1                  0011111011000100111111110111 
 1618864000  +1                  0011111011100000111110111010 
 1623554000  +1                  0011111011101000111110111101 
 1632912000  +1                  0011111100000000111111000111 
 1633066000  +1                  0011111100011100111111010010 
 1646816000  +1                  0011111101001000111111010101 
 1651614000  +1                  0011111111101001000000000011 
 1651678000  +1                  0011111111101101000000000011 
 1655960000  +1                  0011111111110100111111111111 
 1660428000  +1                  0100000000100101000000011111 
 1664656000  +1                  0100000000110101000000010001 
 1665218000  +1                  0100000001010001000001100011 
 1665348000  +1                  0100000001011101000000100110 
 1667602000  +1                  0100000001100101000110001100 
 1676594000  +1                  0100000001111101000010100100 
 1692756000  +1                  0100000100110001000001001111 
 1696762000  +1                  0100000101001101000001110001 
 1704242000  +1                  0100000101100101000001011100 
 1704264000  +1                  0100000101101001000001011011 
 1708060000  +1                  0100000101110101000001101011 
 1715456000  +1                  0100000110000101000001101000 
 1727682000  +1                  0100000110011001000100111101 
 1727704000  +1                  0100000110011101000001101000 
 1727738000  +1                  0100000110100101000001101010 
 1746060000  +1                  0100000111001101000010110010 
 1750294000  +1                  0100001001010101000011000111 
 1750370000  +1                  0100001001100101000010011101 
 1750416000  +1                  0100001001110001000010011101 
 1750528000  +1                  0100001010001101000010100111 
 1751948000  +1                  0100001010010001000110001110 
 1752012000  +1                  0100001010011101000010101011 
 1752046000  +1                  0100001010100001000010101011 
 1752080000  +1                  0100001010101001000010101011 
 1752138000  +1                  0100001010111001000010101111 
 1752196000  +1                  0100001011000001000010110101 
 1759856000  +1                  0100001011001101000110001110 
 1759926000  +1                  0100001011100001000010111001 
 1759984000  +1                  0100001011101101000010111110 
 1760042000  +1                  0100001011111101000011000000 
 1760064000  +1                  0100001100000001000011000001 
 1760086000  +1                  0100001100000101000011000010 
 1761314000  +1                  0100001100001101000110001011 
 1761336000  +1                  0100001100010001000011000101 
 1761964000  +1                  0100001110111001000100000010 
 1762178000  +1                  0100001111111101000100000000 
 1763034000  +1                  0100010000001101000110001001 
 1763248000  +1                  0100010001001101000100010110 
 1764206000  +1                  0100010011110001000110001001 
 1773960000  +1                  0100011000101101000110001110 
 1774246000  +1                  0100011010001001000110100011 
