Flow report for Santoto_ejemplo1
Fri May 13 10:35:42 2016
Quartus II 64-Bit Version 15.0.0 Build 145 04/22/2015 SJ Web Edition


---------------------
; Table of Contents ;
---------------------
  1. Legal Notice
  2. Flow Summary
  3. Flow Settings
  4. Flow Non-Default Global Settings
  5. Flow Elapsed Time
  6. Flow OS Summary
  7. Flow Log
  8. Flow Messages
  9. Flow Suppressed Messages



----------------
; Legal Notice ;
----------------
Copyright (C) 1991-2015 Altera Corporation. All rights reserved.
Your use of Altera Corporation's design tools, logic functions 
and other software and tools, and its AMPP partner logic 
functions, and any output files from any of the foregoing 
(including device programming or simulation files), and any 
associated documentation or information are expressly subject 
to the terms and conditions of the Altera Program License 
Subscription Agreement, the Altera Quartus II License Agreement,
the Altera MegaCore Function License Agreement, or other 
applicable license agreement, including, without limitation, 
that your use is for the sole purpose of programming logic 
devices manufactured by Altera and sold by Altera or its 
authorized distributors.  Please refer to the applicable 
agreement for further details.



+------------------------------------------------------------------------------+
; Flow Summary                                                                 ;
+---------------------------------+--------------------------------------------+
; Flow Status                     ; Successful - Fri May 13 10:35:42 2016      ;
; Quartus II 64-Bit Version       ; 15.0.0 Build 145 04/22/2015 SJ Web Edition ;
; Revision Name                   ; Santoto_ejemplo1                           ;
; Top-level Entity Name           ; Santoto_ejemplo1                           ;
; Family                          ; Cyclone V                                  ;
; Device                          ; 5CSEMA5F31C6                               ;
; Timing Models                   ; Final                                      ;
; Logic utilization (in ALMs)     ; 33 / 32,070 ( < 1 % )                      ;
; Total registers                 ; 55                                         ;
; Total pins                      ; 64 / 457 ( 14 % )                          ;
; Total virtual pins              ; 0                                          ;
; Total block memory bits         ; 0 / 4,065,280 ( 0 % )                      ;
; Total DSP Blocks                ; 0 / 87 ( 0 % )                             ;
; Total HSSI RX PCSs              ; 0                                          ;
; Total HSSI PMA RX Deserializers ; 0                                          ;
; Total HSSI TX PCSs              ; 0                                          ;
; Total HSSI PMA TX Serializers   ; 0                                          ;
; Total PLLs                      ; 0 / 6 ( 0 % )                              ;
; Total DLLs                      ; 0 / 4 ( 0 % )                              ;
+---------------------------------+--------------------------------------------+


+-----------------------------------------+
; Flow Settings                           ;
+-------------------+---------------------+
; Option            ; Setting             ;
+-------------------+---------------------+
; Start date & time ; 05/12/2016 17:09:28 ;
; Main task         ; Compilation         ;
; Revision Name     ; Santoto_ejemplo1    ;
+-------------------+---------------------+


+-------------------------------------------------------------------------------------------------------------------+
; Flow Non-Default Global Settings                                                                                  ;
+-------------------------------------+----------------------------------+---------------+-------------+------------+
; Assignment Name                     ; Value                            ; Default Value ; Entity Name ; Section Id ;
+-------------------------------------+----------------------------------+---------------+-------------+------------+
; COMPILER_SIGNATURE_ID               ; 10995770589194.146309096806676   ; --            ; --          ; --         ;
; MISC_FILE                           ; pll_contador.cmp                 ; --            ; --          ; --         ;
; MISC_FILE                           ; pll_contador_sim/pll_contador.vo ; --            ; --          ; --         ;
; PARTITION_COLOR                     ; 16764057                         ; --            ; --          ; Top        ;
; PARTITION_FITTER_PRESERVATION_LEVEL ; PLACEMENT_AND_ROUTING            ; --            ; --          ; Top        ;
; PARTITION_NETLIST_TYPE              ; SOURCE                           ; --            ; --          ; Top        ;
; SPD_FILE                            ; pll_contador.spd                 ; --            ; --          ; --         ;
; SYNTHESIS_ONLY_QIP                  ; On                               ; --            ; --          ; --         ;
+-------------------------------------+----------------------------------+---------------+-------------+------------+


+--------------------------------------------------------------------------------------------------------------------------+
; Flow Elapsed Time                                                                                                        ;
+----------------------+--------------+-------------------------+---------------------+------------------------------------+
; Module Name          ; Elapsed Time ; Average Processors Used ; Peak Virtual Memory ; Total CPU Time (on all processors) ;
+----------------------+--------------+-------------------------+---------------------+------------------------------------+
; Analysis & Synthesis ; 00:00:28     ; 1.0                     ; 758 MB              ; 00:00:56                           ;
; Fitter               ; 00:04:00     ; 1.3                     ; 2321 MB             ; 00:02:10                           ;
; Assembler            ; 17:20:23     ; 1.0                     ; 769 MB              ; 00:00:22                           ;
; Total                ; 17:24:51     ; --                      ; --                  ; 00:03:28                           ;
+----------------------+--------------+-------------------------+---------------------+------------------------------------+


+-----------------------------------------------------------------------------------+
; Flow OS Summary                                                                   ;
+----------------------+------------------+-----------+------------+----------------+
; Module Name          ; Machine Hostname ; OS Name   ; OS Version ; Processor type ;
+----------------------+------------------+-----------+------------+----------------+
; Analysis & Synthesis ; adrizcorp        ; Windows 7 ; 6.2        ; x86_64         ;
; Fitter               ; adrizcorp        ; Windows 7 ; 6.2        ; x86_64         ;
; Assembler            ; adrizcorp        ; Windows 7 ; 6.2        ; x86_64         ;
+----------------------+------------------+-----------+------------+----------------+


------------
; Flow Log ;
------------
quartus_map --read_settings_files=on --write_settings_files=off Santoto_ejemplo1 -c Santoto_ejemplo1
quartus_fit --read_settings_files=on --write_settings_files=off Santoto_ejemplo1 -c Santoto_ejemplo1
quartus_asm --read_settings_files=off --write_settings_files=off Santoto_ejemplo1 -c Santoto_ejemplo1



