         ps       /simulacion_test_busqueda/vector_me_sig_reg    
          delta                                                  
          0  +0                  0000000000000000000000000000 
  342100000  +1                  0000110011000100001110000100 
  347180000  +1                  0000110011001000001110000100 
  352200000  +1                  0000110011001100001110000100 
  357160000  +1                  0000110011010000001110000100 
  362060000  +1                  0000110011010100001110000100 
  366900000  +1                  0000110011011000001110000100 
  756340000  +1                  0000110111110100110011000001 
  766100000  +1                  0000110111111000010000011110 
  766560000  +1                  0000110111111100001110000100 
  766960000  +1                  0000111000000000001110000100 
  767300000  +1                  0000111000000100001110000100 
  767580000  +1                  0000111000001000001110000100 
  767800000  +1                  0000111000001100001110000100 
  772640000  +1                  0000111000011000001111010000 
  777180000  +1                  0000111000011100001111010000 
  781660000  +1                  0000111000100000001111010000 
  786080000  +1                  0000111000100100001111010000 
  927780000  +1                  0000111000101000110011000001 
 1165660000  +1                  0000111100110100001111010000 
 1165940000  +1                  0000111100111000001111010000 
 1166160000  +1                  0000111100111100001111010000 
 1171660000  +1                  0000111101101000010000011111 
 1633400000  +1                  0001000001110000010000011111 
 1633680000  +1                  0001000001110100010000011111 
 1633900000  +1                  0001000001111000010000011111 
 2087300000  +1                  0001000110101100010001101101 
 2087520000  +1                  0001000110110000010001101101 
 2108920000  +1                  0001000111110100010110111111 
 2331860000  +1                  0001001011101100010010111101 
 2332080000  +1                  0001001011110000010010111101 
 2548540000  +1                  0001001100111000010011001111 
 2565440000  +1                  0001010000101000010110101011 
 2565660000  +1                  0001010000101100010100001100 
 2587120000  +1                  0001010001110100011001011110 
 2587340000  +1                  0001010001111000010100011111 
 2594700000  +1                  0001010101101000010101011100 
 2594920000  +1                  0001010101101100010101011100 
 2621240000  +1                  0001010110111000011011111110 
 2628540000  +1                  0001011010101000010110101011 
 2628760000  +1                  0001011010101100010110101100 
 2640620000  +1                  0001011011110100011001011110 
 2640900000  +1                  0001011011111000010111000000 
 2641120000  +1                  0001011011111100010111000000 
 2653100000  +1                  0001011111101000011001001011 
 2653320000  +1                  0001011111101100010111111100 
 2850760000  +1                  0001100000111000011000010000 
 2850980000  +1                  0001100000111100011000010000 
 3049620000  +1                  0001100100101100011001001100 
 3242200000  +1                  0001100101111000011001011111 
 3623780000  +1                  0001101010110100011010101111 
 3624000000  +1                  0001101010111000011010101111 
 3995920000  +1                  0001101111110000011011111111 
 3996200000  +1                  0001101111110100011011111111 
 3996420000  +1                  0001101111111000011011111111 
 4223260000  +1                  0001110100101000100111110100 
 4223600000  +1                  0001110100101100011101001110 
 4223880000  +1                  0001110100110000011101001110 
 4224100000  +1                  0001110100110100011101001110 
 4232840000  +1                  0001111000111000011110011101 
 4577820000  +1                  0001111001011100011110011011 
 4657240000  +1                  0001111001100000110011000001 
 4657640000  +1                  0001111001100100011110011101 
 4657980000  +1                  0001111001101000011110011101 
 4658260000  +1                  0001111001101100011110011101 
 4658480000  +1                  0001111001110000011110011101 
 4667340000  +1                  0001111110000000011111101011 
 4668100000  +1                  0001111110000100011111101011 
 4668800000  +1                  0001111110001000011111101011 
 4669440000  +1                  0001111110001100011111101011 
 4670020000  +1                  0001111110010000011111101011 
 4670540000  +1                  0001111110010100011111101011 
 4671000000  +1                  0001111110011000011111101011 
 4671400000  +1                  0001111110011100011111101011 
 4671740000  +1                  0001111110100000011111101011 
 4672020000  +1                  0001111110100100011111101011 
 4672240000  +1                  0001111110101000011111101011 
 4681280000  +1                  0010000011001100100000110111 
 4681620000  +1                  0010000011010000100000110111 
 4681900000  +1                  0010000011010100100000110111 
 4682120000  +1                  0010000011011000100000110111 
 4741260000  +1                  0010000101010100101111110000 
 4746280000  +1                  0010000101011000100010100111 
 4751240000  +1                  0010000101011100100010100111 
 4756140000  +1                  0010000101100000100010100111 
 4765780000  +1                  0010000101100100100011110111 
 4775360000  +1                  0010000101101000100011110111 
 4780080000  +1                  0010000101101100100010100111 
 4784740000  +1                  0010000101110000100010100111 
 4789340000  +1                  0010000101110100100010100111 
 4981080000  +1                  0010001010001100101000110001 
 4981420000  +1                  0010001010010000100010100111 
 4986500000  +1                  0010001010010100100011110111 
 4991520000  +1                  0010001010011000100011110111 
 4996480000  +1                  0010001010011100100011110111 
 5001380000  +1                  0010001010100000100011110111 
 5006220000  +1                  0010001010100100100011110111 
 5011000000  +1                  0010001010101000100011110111 
 5015720000  +1                  0010001010101100100011110111 
 5020380000  +1                  0010001010110000100011110111 
 5024980000  +1                  0010001010110100100011110111 
 5029520000  +1                  0010001010111000100011110111 
 5033880000  +1                  0010001010111100100011110101 
 5220400000  +1                  0010001111001000101010000001 
 5220680000  +1                  0010001111001100100011110101 
 5221020000  +1                  0010001111010000100011110111 
 5221300000  +1                  0010001111010100100011110111 
 5221520000  +1                  0010001111011000100011110111 
 5226840000  +1                  0010001111111100100101000101 
 5231140000  +1                  0010010000000000100101000101 
 5235320000  +1                  0010010000000100100101000100 
 5274960000  +1                  0010010100000100101101010101 
 5275240000  +1                  0010010100001000100101000100 
 5275520000  +1                  0010010100001100100101000101 
 5275740000  +1                  0010010100010000100101000101 
 5281360000  +1                  0010010101000100100110010100 
 5575040000  +1                  0010011001000100100110010011 
 5575320000  +1                  0010011001001000100110010100 
 5575540000  +1                  0010011001001100100110010100 
 5578880000  +1                  0010011010001000100110111011 
 5862780000  +1                  0010011110000100100111100011 
 5863000000  +1                  0010011110001000100111100011 
 6000380000  +1                  0010011111010000100111110101 
 6139260000  +1                  0010100011000100101000110010 
 6146320000  +1                  0010100100001100101010010100 
 6146540000  +1                  0010100100010000101001000101 
 6293100000  +1                  0010100110000100101101010010 
 6295120000  +1                  0010100110001000101010000001 
 6299960000  +1                  0010101000000000101010010100 
 6300180000  +1                  0010101000000100101010000010 
 6307360000  +1                  0010101001010000101011100101 
 6312620000  +1                  0010101010111000101011010001 
 6322560000  +1                  0010101010111100101101010010 
 6332440000  +1                  0010101011000000101101010010 
 6342260000  +1                  0010101011000100101101010010 
 6352020000  +1                  0010101011001000101101010010 
 6484120000  +1                  0010101101000000101100100001 
 6484340000  +1                  0010101101000100101011010010 
 6486780000  +1                  0010101110010000101011100110 
 6487000000  +1                  0010101110010100101011100110 
 6614240000  +1                  0010101111111100101101010010 
 6619320000  +1                  0010110000000000101101010010 
 6624340000  +1                  0010110000000100101101010010 
 6629300000  +1                  0010110000001000101101010010 
 6638880000  +1                  0010110000001100101110100000 
 6759640000  +1                  0010110010000100101100100010 
 6877940000  +1                  0010110011010000101100110101 
 6886380000  +1                  0010110100111000101110100110 
 6886720000  +1                  0010110100111100101101010010 
 6887000000  +1                  0010110101000000101101010010 
 6887220000  +1                  0010110101000100101101010010 
 7001740000  +1                  0010110101010000101101010110 
 7001960000  +1                  0010110101010100101101010110 
 7008540000  +1                  0010110111000100101110100110 
 7122040000  +1                  0010111000010000101110000101 
 7125680000  +1                  0010111001111000101110100110 
 7126260000  +1                  0010111001111100101110100110 
 7345600000  +1                  0010111010001100101110100110 
 7345940000  +1                  0010111010010000101110100111 
 7346220000  +1                  0010111010010100101110100111 
 7346440000  +1                  0010111010011000101110100111 
 7565780000  +1                  0010111101001100101111010101 
 7566000000  +1                  0010111101010000101111010101 
 7569760000  +1                  0010111111000000101111110110 
 7570280000  +1                  0010111111000100101111110111 
 7570680000  +1                  0010111111001000101111110110 
 7571080000  +1                  0010111111001100101111110111 
 7571420000  +1                  0010111111010000101111110111 
 7571700000  +1                  0010111111010100101111110111 
 7571920000  +1                  0010111111011000101111110111 
 7781540000  +1                  0011000010001000110000100100 
 7781760000  +1                  0011000010001100110000100100 
 7785640000  +1                  0011000100000000110001000110 
 7786100000  +1                  0011000100000100110001000110 
 7786500000  +1                  0011000100001000110001000110 
 7786840000  +1                  0011000100001100110001000110 
 7787120000  +1                  0011000100010000110001000110 
 7787340000  +1                  0011000100010100110001000110 
 7791940000  +1                  0011000110001100110001110011 
 7988300000  +1                  0011000111000000110001110011 
 7988580000  +1                  0011000111000100110001110011 
 7988800000  +1                  0011000111001000110001110011 
 7992860000  +1                  0011001001000100110010010110 
 7993260000  +1                  0011001001001000110010010110 
 7993600000  +1                  0011001001001100110010010110 
 7993880000  +1                  0011001001010000110010010110 
 7994100000  +1                  0011001001010100110010010110 
 7998700000  +1                  0011001011010000110011000010 
 7999640000  +1                  0011001011010100110011000010 
 8000520000  +1                  0011001011011000110011000010 
 8094340000  +1                  0011001011110100110011000010 
 8094740000  +1                  0011001011111000110011000010 
 8095080000  +1                  0011001011111100110011000010 
 8095360000  +1                  0011001100000000110011000010 
 8095580000  +1                  0011001100000100110011000010 
 8104500000  +1                  0011010000011100110100001111 
 8105080000  +1                  0011010000100000110100001111 
 8105600000  +1                  0011010000100100110100001111 
 8106060000  +1                  0011010000101000110100001111 
 8106460000  +1                  0011010000101100110100001111 
 8106800000  +1                  0011010000110000110100001111 
 8107080000  +1                  0011010000110100110100001111 
 8107300000  +1                  0011010000111000110100001111 
