         ps       /simulacion_test_busqueda/vector_me_sig_reg    
          delta                                                  
          0  +0                  0000000000000000000000000000 
  214900000  +1                  0000000110011000110110010110 
  384800000  +1                  0000001011010100101100100110 
  535500000  +1                  0000001011011000101010000011 
  706420000  +1                  0000001011011100101111010101 
  935720000  +1                  0000001100101100111110010000 
 1374960000  +1                  0000010000011000101100110101 
 1583740000  +1                  0000010000011100111010011100 
 1745060000  +1                  0000010000100000101110000110 
 2173620000  +1                  0000010001101100101100110110 
 2424940000  +1                  0000010001110001000101110110 
 2635880000  +1                  0000010101011100111010011100 
 2816100000  +1                  0000010101100000110100010001 
 3235060000  +1                  0000010110101000101100110110 
 3481640000  +1                  0000010110101101000101110110 
 3687960000  +1                  0000011010100000111010011100 
 4121320000  +1                  0000011011100000110010111000 
 4267220000  +1                  0000011011100100101100110110 
 4436520000  +1                  0000011011101000110010111101 
 4638220000  +1                  0000011111100100111010011100 
 5038640000  +1                  0000100000100000101100110110 
 5419920000  +1                  0000100100100100100111100011 
 5546380000  +1                  0000100100101000101010000011 
 5716580000  +1                  0000100100101100110101011101 
 5878020000  +1                  0000100101011100110011000001 
 6507580000  +1                  0000101001101100101010000011 
 6750380000  +1                  0000101001110001001001101000 
 7148880000  +1                  0000101010000000110001101001 
 7299880000  +1                  0000101010000100110001110011 
 7670000000  +1                  0000101010011000101010010111 
 7849680000  +1                  0000101010011100111001010111 
 7984180000  +1                  0000101110101100101100100100 
 8100920000  +1                  0000101110110000101010000011 
 8295240000  +1                  0000101110110100111110010001 
 8712520000  +1                  0000101110111100111001000100 
 8858360000  +1                  0000101111000000110001101100 
 9456960000  +1                  0000101111010100101001001000 
 9574360000  +1                  0000101111011000101010011000 
 9741920000  +1                  0000110011110000110110011000 
 9853800000  +1                  0000110011110100101010000011 
 1001284000  +1                  0000110011111000110110010110 
 1015394000  +1                  0000110011111100110001101100 
 1029498000  +1                  0000110100000000110001101100 
 1047004000  +1                  0000110100000100111010100100 
 1088144000  +1                  0000110100010000111010001001 
 1100358000  +1                  0000110100010100101100110110 
 1111144000  +1                  0000110100011000101001001001 
 1123064000  +1                  0000110111101100101011010011 
 1136808000  +1                  0000110111110000110001101100 
 1149640000  +1                  0000110111110100101111010101 
 1160174000  +1                  0000111000110100101001001000 
 1197150000  +1                  0000111000111100110001101100 
 1214014000  +1                  0000111001000000111010001000 
 1231460000  +1                  0000111001000100111011101010 
 1270200000  +1                  0000111001001100110110011010 
 1281940000  +1                  0000111001010000101100110110 
 1321496000  +1                  0000111100101100110111110011 
 1331826000  +1                  0000111100110000101010000011 
 1347382000  +1                  0000111100110100110111101011 
 1363652000  +1                  0000111101101000111001010111 
 1402074000  +1                  0000111101110000110111110111 
 1417174000  +1                  0000111101110100110110101111 
 1435112000  +1                  0000111101111000111110001001 
 1450062000  +1                  0000111101111100110110011000 
 1465984000  +1                  0000111110000000111000111011 
 1477268000  +1                  0000111110000100101100110111 
 1514646000  +1                  0000111110001100110101010111 
 1547014000  +1                  0001000001101000100111100011 
 1561226000  +1                  0001000001101100110101011001 
 1575810000  +1                  0001000001110000110110011000 
 1585648000  +1                  0001000001110100101010000010 
 1603250000  +1                  0001000001111000111110010001 
 1620846000  +1                  0001000001111100111110010001 
 1642240000  +1                  0001000010101001001000000001 
 1653542000  +1                  0001000010101100101110000100 
 1664262000  +1                  0001000010110000101100100100 
 1679722000  +1                  0001000010110100111000111011 
 1695188000  +1                  0001000010111000111000111101 
 1710192000  +1                  0001000010111100110111110001 
 1723798000  +1                  0001000011000000110100001001 
 1737896000  +1                  0001000011000100110101011100 
 1752480000  +1                  0001000011001000110110101110 
 1767430000  +1                  0001000011001100110111101100 
 1782440000  +1                  0001000011010000110111110111 
 1798314000  +1                  0001000011010100111010001000 
 1814182000  +1                  0001000011011000111010001000 
 1828238000  +1                  0001000011011100110101011011 
 1843644000  +1                  0001000011100000111000111101 
 1854400000  +1                  0001000011100100101100110111 
 1869602000  +1                  0001000110101100110111101100 
 1881906000  +1                  0001000110110000110001101100 
 1895644000  +1                  0001000110110100110101011100 
 1909346000  +1                  0001000110111000110101010111 
 1925040000  +1                  0001000110111100111010100100 
 1941142000  +1                  0001000111000000111011101001 
 1954388000  +1                  0001000111000100110100001110 
 1967130000  +1                  0001000111001000110010111011 
 1980712000  +1                  0001000111001100110101001000 
 1995314000  +1                  0001000111010000110111110011 
 2008404000  +1                  0001000111010100110011111000 
 2022928000  +1                  0001000111011000110111101000 
 2037446000  +1                  0001000111011100110111101000 
 2052918000  +1                  0001000111100000111010001000 
 2068384000  +1                  0001000111100100111010001000 
 2080604000  +1                  0001000111101000110001101100 
 2092818000  +1                  0001000111101100110001101100 
 2106964000  +1                  0001000111110000110110101111 
 2119166000  +1                  0001000111110100110001101100 
 2131362000  +1                  0001000111111000110001101100 
 2146498000  +1                  0001000111111100111001010111 
 2160578000  +1                  0001001000000000110110101000 
 2174166000  +1                  0001001000000100110101010111 
 2188780000  +1                  0001001000001000111000000011 
 2202884000  +1                  0001001000001100110110101111 
 2217876000  +1                  0001001000010000111001000100 
 2230036000  +1                  0001001000010100110001101101 
 2244086000  +1                  0001001000011000110110101001 
 2258172000  +1                  0001001000011100110110110000 
 2293120000  +1                  0001001000100100110100001110 
 2308484000  +1                  0001001000101000111010001000 
 2349948000  +1                  0001001011101101000100100011 
 2384734000  +1                  0001001011110100110101011011 
 2396546000  +1                  0001001011111000110001101100 
 2426574000  +1                  0001001100000000101001001000 
 2440306000  +1                  0001001100000100110110101111 
 2452094000  +1                  0001001100001000110001101100 
 2466312000  +1                  0001001100001100111000000010 
 2480878000  +1                  0001001100010000111000111101 
 2495888000  +1                  0001001100010100111010001000 
 2510892000  +1                  0001001100011000111010001000 
 2522650000  +1                  0001001100011100110001101100 
 2535356000  +1                  0001001100100000110100001011 
 2547102000  +1                  0001001100100100110001101100 
 2558842000  +1                  0001001100101000110001101100 
 2570576000  +1                  0001001100101100110001101100 
 2584242000  +1                  0001001100110000110110101111 
 2597284000  +1                  0001001100110100110101001000 
 2611436000  +1                  0001001100111000111000000010 
 2625438000  +1                  0001001100111100110111101010 
 2640502000  +1                  0001001101000000111010011100 
 2654540000  +1                  0001001101000100110111110010 
 2666232000  +1                  0001001101001000110001101100 
 2702230000  +1                  0001001101010000111001010011 
 2717258000  +1                  0001001101010100111010011011 
 2731848000  +1                  0001001101011000111001010011 
 2744950000  +1                  0001001101011100110101011100 
 2778938000  +1                  0001001101100100110100001110 
 2791422000  +1                  0001001101101000110011111000 
 2826106000  +1                  0001010000101100110101011001 
 2840690000  +1                  0001010000110000111010001000 
 2896938000  +1                  0001010001101000111001000100 
 2910562000  +1                  0001010001101100110111110111 
 2921810000  +1                  0001010001110000110001101100 
 2941626000  +1                  0001010001110101001000000001 
 2954674000  +1                  0001010001111000110110011010 
 2969264000  +1                  0001010001111100111010011100 
 2987640000  +1                  0001010010000001000100010100 
 2996998000  +1                  0001010010000100101100110110 
 3010142000  +1                  0001010010001000110110101110 
 3042258000  +1                  0001010010010000110001101100 
 3060604000  +1                  0001010010010101000100010100 
 3074690000  +1                  0001010010011000111001001111 
 3109038000  +1                  0001010010100000110111101000 
 3142798000  +1                  0001010101101100110101011001 
 3154616000  +1                  0001010101110000110100001011 
 3167772000  +1                  0001010101110100110111101011 
 3182566000  +1                  0001010110101000111011110001 
 3213818000  +1                  0001010110110000110001101100 
 3224580000  +1                  0001010110110100110001101100 
 3236746000  +1                  0001010110111000110101010111 
 3248936000  +1                  0001010110111100110101011100 
 3262458000  +1                  0001010111000000111000111011 
 3290824000  +1                  0001010111001000101010010111 
 3304418000  +1                  0001010111001100111001001010 
 3317112000  +1                  0001010111010000110110110101 
 3352540000  +1                  0001010111011000111100111000 
 3372434000  +1                  0001010111011101001001101000 
 3403530000  +1                  0001011010110000110001101100 
 3415732000  +1                  0001011010110100110110011100 
 3424220000  +1                  0001011011101000101100100110 
 3434970000  +1                  0001011011101100110010111000 
 3449128000  +1                  0001011011110000111011110001 
 3457550000  +1                  0001011011110100101100110110 
 3468780000  +1                  0001011011111000110100001011 
 3482290000  +1                  0001011011111100111010001000 
 3492554000  +1                  0001011100000000110001101100 
 3526638000  +1                  0001011100001000111011110000 
 3541666000  +1                  0001011100001100111110001001 
 3550052000  +1                  0001011100010000101100110111 
 3562902000  +1                  0001011111101100110111101010 
 3572806000  +1                  0001011111110000110001101100 
 3600530000  +1                  0001100000110000101100110110 
 3616542000  +1                  0001100000110101000001110111 
 3648208000  +1                  0001100000111100110111110111 
 3661232000  +1                  0001100001000000111010001000 
 3673350000  +1                  0001100001000100110111110010 
 3683578000  +1                  0001100001001000110010111000 
 3693854000  +1                  0001100001001100110011000001 
 3701280000  +1                  0001100001010000101011100111 
 3711964000  +1                  0001100101101100110011000001 
 3759350000  +1                  0001100101111100110001101100 
 3769608000  +1                  0001100110000000110100001011 
 3782284000  +1                  0001100110010000111010011100 
 3819518000  +1                  0001101010101001001000000001 
 3850188000  +1                  0001101010111100111010001000 
 3859486000  +1                  0001101011000000110010111011 
 3906326000  +1                  0001101011010000110100001111 
 3912186000  +1                  0001101011010100101010000011 
 3918046000  +1                  0001101011011000101010000100 
 3925742000  +1                  0001101111100100101101110101 
 3942828000  +1                  0001101111101001001000010111 
 3949348000  +1                  0001101111101100101100110111 
 3972854000  +1                  0001110000011000101010000011 
 4000962000  +1                  0001110100100000110101011000 
 4013692000  +1                  0001110100100100111110010000 
 4018310000  +1                  0001110100101000101001001001 
 4028610000  +1                  0001110101011000110111110010 
 4037842000  +1                  0001110101011100110101010111 
 4050488000  +1                  0001110101100000111110010001 
 4063482000  +1                  0001111001011100111110001110 
 4072324000  +1                  0001111001100000110101010111 
 4088336000  +1                  0001111001100101001000000011 
 4094352000  +1                  0001111010011100101101110101 
 4106470000  +1                  0001111010100000111110001001 
 4110518000  +1                  0001111010100100101001001001 
 4132056000  +1                  0001111110011100101010010111 
 4152466000  +1                  0001111111100000101001001000 
 4163168000  +1                  0001111111100100111011101110 
 4168512000  +1                  0010000011011000101100110110 
 4189414000  +1                  0010000100100100101100110110 
 4196294000  +1                  0010000100101000110011000010 
 4206852000  +1                  0010001000010000111011101111 
 4211002000  +1                  0010001000010100101100110110 
 4229894000  +1                  0010001001101000101010000011 
 4254654000  +1                  0010001110101000111001000100 
 4261042000  +1                  0010001110101100110100010001 
 4267886000  +1                  0010010011101100110100001111 
 4269906000  +1                  0010011110001000100111100100 
 4269928000  +1                  0010011110001100100111100100 
 4270892000  +1                  0010100011001000101000110100 
 4270914000  +1                  0010100011001100101000110100 
 4271182000  +1                  0010100100100000101001001010 
 4271204000  +1                  0010100100100100101001001010 
 4271910000  +1                  0010101000001000101010000101 
 4271938000  +1                  0010101000001100101010000101 
 4271960000  +1                  0010101000010000101010000101 
 4272210000  +1                  0010101001011100101010011010 
 4272238000  +1                  0010101001100000101010011010 
 4272260000  +1                  0010101001100100101010011010 
 4272978000  +1                  0010101101001100101011010110 
 4273006000  +1                  0010101101010000101011010110 
 4273028000  +1                  0010101101010100101011010110 
 4273248000  +1                  0010101110011000101011101000 
 4273270000  +1                  0010101110011100101011101000 
 4274024000  +1                  0010110010010000101100100111 
 4274052000  +1                  0010110010010100101100100111 
 4274074000  +1                  0010110010011000101100100111 
 4274276000  +1                  0010110011010100101100111000 
 4274304000  +1                  0010110011011000101100111000 
 4274326000  +1                  0010110011011100101100111000 
 4275092000  +1                  0010110111010100101101111000 
 4275120000  +1                  0010110111011000101101111000 
 4275142000  +1                  0010110111011100101101111000 
 4275320000  +1                  0010111000010000101110000111 
 4275348000  +1                  0010111000010100101110000111 
 4275370000  +1                  0010111000011000101110000111 
 4276154000  +1                  0010111100011000101111001000 
 4276176000  +1                  0010111100011100101111001000 
 4276342000  +1                  0010111101001100101111010110 
 4276370000  +1                  0010111101010000101111010110 
 4276392000  +1                  0010111101010100101111010110 
 4277200000  +1                  0011000001011100110000011001 
 4277222000  +1                  0011000001100000110000011001 
 4277364000  +1                  0011000010001000110000100101 
 4277392000  +1                  0011000010001100110000100101 
 4277414000  +1                  0011000010010000110000100101 
 4278246000  +1                  0011000110100000110001101010 
 4278268000  +1                  0011000110100100110001101010 
 4278326000  +1                  0011000110101100110001110000 
 4278366000  +1                  0011000110110000110001110000 
 4278400000  +1                  0011000110110100110001110000 
 4278428000  +1                  0011000110111000110001110000 
 4278450000  +1                  0011000110111100110001110000 
 4278502000  +1                  0011000111001000110001110100 
 4278524000  +1                  0011000111001100110001110100 
 4279398000  +1                  0011001011100000110010111111 
 4279450000  +1                  0011001011100100110010111111 
 4279496000  +1                  0011001011101000110010111111 
 4279536000  +1                  0011001011101100110010111111 
 4279570000  +1                  0011001011110000110010111111 
 4279598000  +1                  0011001011110100110010111111 
 4279620000  +1                  0011001011111000110010111111 
 4279672000  +1                  0011001100000100110011000011 
 4279694000  +1                  0011001100001000110011000011 
 4280358000  +1                  0011001111100000110011111010 
 4280380000  +1                  0011001111100100110011111010 
 4280630000  +1                  0011010000100100110100010010 
 4280694000  +1                  0011010000101000110100010010 
 4280752000  +1                  0011010000101100110100010010 
 4280804000  +1                  0011010000110000110100010010 
 4280850000  +1                  0011010000110100110100010010 
 4280890000  +1                  0011010000111000110100010010 
 4280924000  +1                  0011010000111100110100010010 
 4280952000  +1                  0011010001000000110100010010 
 4280974000  +1                  0011010001000100110100010010 
 4281650000  +1                  0011010100100000110101001010 
 4281672000  +1                  0011010100100100110101001010 
 4281880000  +1                  0011010101011000110101011110 
 4281938000  +1                  0011010101011100110101011110 
 4281990000  +1                  0011010101100000110101011110 
 4282036000  +1                  0011010101100100110101011110 
 4282076000  +1                  0011010101101000110101011110 
 4282110000  +1                  0011010101101100110101011110 
 4282138000  +1                  0011010101110000110101011110 
 4282160000  +1                  0011010101110100110101011110 
 4282200000  +1                  0011010101111100110101100001 
 4282222000  +1                  0011010110000000110101100001 
 4282916000  +1                  0011011001011000110110011101 
 4282968000  +1                  0011011001011100110110011101 
 4283014000  +1                  0011011001100000110110011101 
 4283054000  +1                  0011011001100100110110011101 
 4283088000  +1                  0011011001101000110110011101 
 4283116000  +1                  0011011001101100110110011101 
 4283138000  +1                  0011011001110000110110011101 
 4283358000  +1                  0011011010011000110110110110 
 4283464000  +1                  0011011010011100110110110110 
 4283564000  +1                  0011011010100000110110110110 
 4283658000  +1                  0011011010100100110110110110 
 4283746000  +1                  0011011010101000110110110110 
 4283828000  +1                  0011011010101100110110110110 
 4283904000  +1                  0011011010110000110110110110 
 4283974000  +1                  0011011010110100110110110110 
 4284038000  +1                  0011011010111000110110110110 
 4284096000  +1                  0011011010111100110110110110 
 4284148000  +1                  0011011011000000110110110110 
 4284194000  +1                  0011011011000100110110110110 
 4284234000  +1                  0011011011001000110110110110 
 4284268000  +1                  0011011011001100110110110110 
 4284296000  +1                  0011011011010000110110110110 
 4284318000  +1                  0011011011010100110110110110 
 4285126000  +1                  0011011110011100111000001001 
 4285340000  +1                  0011011110100000111000001001 
 4285548000  +1                  0011011110100100111000001001 
 4285750000  +1                  0011011110101000111000001001 
 4285946000  +1                  0011011110101100111000001001 
 4286136000  +1                  0011011110110000111000001001 
 4286320000  +1                  0011011110110100111000001001 
 4286498000  +1                  0011011110111000111000001001 
 4286670000  +1                  0011011110111100111000001001 
 4286836000  +1                  0011011111000000111000001001 
 4286996000  +1                  0011011111000100111000001001 
 4287150000  +1                  0011011111001000111000001001 
 4287298000  +1                  0011011111001100111000001001 
 4287440000  +1                  0011011111010000111000001001 
 4287576000  +1                  0011011111010100111000001001 
 4287706000  +1                  0011011111011000111000001001 
 4287830000  +1                  0011011111011100111000001001 
 4287948000  +1                  0011011111100000111000001001 
 4288060000  +1                  0011011111100100111000001001 
 4288166000  +1                  0011011111101000111000001001 
 4288266000  +1                  0011011111101100111000001001 
 4288360000  +1                  0011011111110000111000001001 
 4288448000  +1                  0011011111110100111000001001 
 4288530000  +1                  0011011111111000111000001001 
 4288606000  +1                  0011011111111100111000001001 
 4288676000  +1                  0011100000000000111000001001 
 4288740000  +1                  0011100000000100111000001001 
 4288798000  +1                  0011100000001000111000001001 
 4288850000  +1                  0011100000001100111000001001 
 4288896000  +1                  0011100000010000111000001001 
 4288936000  +1                  0011100000010100111000001001 
 4288970000  +1                  0011100000011000111000001001 
 4288998000  +1                  0011100000011100111000001001 
 4289020000  +1                  0011100000100000111000001001 
 4289792000  +1                  0011100011011100111001011001 
 4290006000  +1                  0011100011100000111001011001 
 4290214000  +1                  0011100011100100111001011001 
 4290416000  +1                  0011100011101000111001011001 
 4290612000  +1                  0011100011101100111001011001 
 4290802000  +1                  0011100011110000111001011001 
 4290986000  +1                  0011100011110100111001011001 
 4291164000  +1                  0011100011111000111001011001 
 4291336000  +1                  0011100011111100111001011001 
 4291502000  +1                  0011100100000000111001011001 
 4291662000  +1                  0011100100000100111001011001 
 4291816000  +1                  0011100100001000111001011001 
 4291964000  +1                  0011100100001100111001011001 
 4292106000  +1                  0011100100010000111001011001 
 4292242000  +1                  0011100100010100111001011001 
 4292372000  +1                  0011100100011000111001011001 
 4292496000  +1                  0011100100011100111001011001 
 4292614000  +1                  0011100100100000111001011001 
 4292726000  +1                  0011100100100100111001011001 
 4292832000  +1                  0011100100101000111001011001 
 4292932000  +1                  0011100100101100111001011001 
 4293026000  +1                  0011100100110000111001011001 
 4293114000  +1                  0011100100110100111001011001 
 4293196000  +1                  0011100100111000111001011001 
 4293272000  +1                  0011100100111100111001011001 
 4293342000  +1                  0011100101000000111001011001 
 4293406000  +1                  0011100101000100111001011001 
 4293464000  +1                  0011100101001000111001011001 
 4293516000  +1                  0011100101001100111001011001 
 4293562000  +1                  0011100101010000111001011001 
 4293602000  +1                  0011100101010100111001011001 
 4293636000  +1                  0011100101011000111001011001 
 4293664000  +1                  0011100101011100111001011001 
 4293686000  +1                  0011100101100000111001011001 
 4294278000  +1                  0011101000011100111010001011 
 4294312000  +1                  0011101000100000111010001011 
 4294340000  +1                  0011101000100100111010001011 
 4294362000  +1                  0011101000101000111010001011 
 4294606000  +1                  0011101001010100111010100111 
 4294724000  +1                  0011101001011000111010100111 
 4294836000  +1                  0011101001011100111010100111 
 4294942000  +1                  0011101001100000111010100111 
 4295042000  +1                  0011101001100100111010100111 
 4295136000  +1                  0011101001101000111010100111 
 4295224000  +1                  0011101001101100111010100111 
 4295306000  +1                  0011101001110000111010100111 
 4295382000  +1                  0011101001110100111010100111 
 4295452000  +1                  0011101001111000111010100111 
 4295516000  +1                  0011101001111100111010100111 
 4295574000  +1                  0011101010000000111010100111 
 4295626000  +1                  0011101010000100111010100111 
 4295672000  +1                  0011101010001000111010100111 
 4295712000  +1                  0011101010001100111010100111 
 4295746000  +1                  0011101010010000111010100111 
 4295774000  +1                  0011101010010100111010100111 
 4295796000  +1                  0011101010011000111010100111 
 4296412000  +1                  0011101101100000111011011010 
 4296434000  +1                  0011101101100100111011011010 
 4296684000  +1                  0011101110011000111011110101 
 4296784000  +1                  0011101110011100111011110101 
 4296878000  +1                  0011101110100000111011110101 
 4296966000  +1                  0011101110100100111011110101 
 4297048000  +1                  0011101110101000111011110101 
 4297124000  +1                  0011101110101100111011110101 
 4297194000  +1                  0011101110110000111011110101 
 4297258000  +1                  0011101110110100111011110101 
 4297316000  +1                  0011101110111000111011110101 
 4297368000  +1                  0011101110111100111011110101 
 4297414000  +1                  0011101111000000111011110101 
 4297454000  +1                  0011101111000100111011110101 
 4297488000  +1                  0011101111001000111011110101 
 4297516000  +1                  0011101111001100111011110101 
 4297538000  +1                  0011101111010000111011110101 
 4298178000  +1                  0011110010100000111100101010 
 4298200000  +1                  0011110010100100111100101010 
 4298414000  +1                  0011110011011100111100111110 
 4298466000  +1                  0011110011100000111100111110 
 4298512000  +1                  0011110011100100111100111110 
 4298552000  +1                  0011110011101000111100111110 
 4298586000  +1                  0011110011101100111100111110 
 4298614000  +1                  0011110011110000111100111110 
 4298636000  +1                  0011110011110100111100111110 
 4298676000  +1                  0011110011111100111101000001 
 4298698000  +1                  0011110100000000111101000001 
 4299386000  +1                  0011110111100000111101111010 
 4299408000  +1                  0011110111100100111101111010 
 4299652000  +1                  0011111000100000111110010010 
 4299722000  +1                  0011111000100100111110010010 
 4299786000  +1                  0011111000101000111110010010 
 4299844000  +1                  0011111000101100111110010010 
 4299896000  +1                  0011111000110000111110010010 
 4299942000  +1                  0011111000110100111110010010 
 4299982000  +1                  0011111000111000111110010010 
 4300016000  +1                  0011111000111100111110010010 
 4300044000  +1                  0011111001000000111110010010 
 4300066000  +1                  0011111001000100111110010010 
 4300928000  +1                  0011111101011100111111011010 
 4300956000  +1                  0011111101100000111111011010 
 4300978000  +1                  0011111101100100111111011010 
 4301024000  +1                  0011111101101100111111011110 
 4301052000  +1                  0011111101110000111111011110 
 4301074000  +1                  0011111101110100111111011110 
 4301132000  +1                  0011111110000000111111100011 
 4301160000  +1                  0011111110000100111111100011 
 4301182000  +1                  0011111110001000111111100011 
 4302020000  +1                  0100000010011001000000101001 
 4302048000  +1                  0100000010011101000000101001 
 4302070000  +1                  0100000010100001000000101001 
 4302140000  +1                  0100000010101101000000110000 
 4302180000  +1                  0100000010110001000000110000 
 4302214000  +1                  0100000010110101000000110000 
 4302242000  +1                  0100000010111001000000110000 
 4302264000  +1                  0100000010111101000000110000 
 4302304000  +1                  0100000011000101000000110011 
 4302326000  +1                  0100000011001001000000110011 
 4303158000  +1                  0100000111011001000001111000 
 4303180000  +1                  0100000111011101000001111000 
 4303328000  +1                  0100001000001001000010000100 
 4303350000  +1                  0100001000001101000010000100 
 4304158000  +1                  0100001100010101000011000111 
 4304180000  +1                  0100001100011001000011000111 
 4304352000  +1                  0100001101001101000011010101 
 4304374000  +1                  0100001101010001000011010101 
 4305158000  +1                  0100010001010001000100010110 
 4305180000  +1                  0100010001010101000100010110 
 4305370000  +1                  0100010010001101000100100110 
 4305398000  +1                  0100010010010001000100100110 
 4305420000  +1                  0100010010010101000100100110 
 4306186000  +1                  0100010110001101000101100110 
 4306214000  +1                  0100010110010001000101100110 
 4306236000  +1                  0100010110010101000101100110 
 4306438000  +1                  0100010111010001000101110111 
 4306466000  +1                  0100010111010101000101110111 
 4306488000  +1                  0100010111011001000101110111 
 4307230000  +1                  0100011011001001000110110101 
 4307258000  +1                  0100011011001101000110110101 
 4307280000  +1                  0100011011010001000110110101 
 4307506000  +1                  0100011100010101000111001000 
 4307534000  +1                  0100011100011001000111001000 
 4307556000  +1                  0100011100011101000111001000 
 4308274000  +1                  0100100000000101001000000100 
 4308302000  +1                  0100100000001001001000000100 
 4308324000  +1                  0100100000001101001000000100 
 4308574000  +1                  0100100001011001001000011001 
 4308602000  +1                  0100100001011101001000011001 
 4308624000  +1                  0100100001100001001000011001 
 4309588000  +1                  0100100110011101001001101001 
 4309610000  +1                  0100100110100001001001101001 
 4310568000  +1                  0100101011011101001010111000 
